2024-07-23 12:07:48.637  INFO 12524 --- [main] com.beyond.board.BoardApplication        : Starting BoardApplication using Java 11.0.22 on LAPTOP-C67PUDO7 with PID 12524 (C:\Users\Playdata\Desktop\미니프로젝트\board\out\production\classes started by Playdata in C:\Users\Playdata\Desktop\미니프로젝트\board)
2024-07-23 12:07:48.642  INFO 12524 --- [main] com.beyond.board.BoardApplication        : No active profile set, falling back to 1 default profile: "default"
2024-07-23 12:07:49.777  INFO 12524 --- [main] .s.d.r.c.RepositoryConfigurationDelegate : Bootstrapping Spring Data JPA repositories in DEFAULT mode.
2024-07-23 12:07:49.870  INFO 12524 --- [main] .s.d.r.c.RepositoryConfigurationDelegate : Finished Spring Data repository scanning in 64 ms. Found 2 JPA repository interfaces.
2024-07-23 12:07:50.990  INFO 12524 --- [main] o.s.b.w.embedded.tomcat.TomcatWebServer  : Tomcat initialized with port(s): 8080 (http)
2024-07-23 12:07:51.003  INFO 12524 --- [main] o.apache.catalina.core.StandardService   : Starting service [Tomcat]
2024-07-23 12:07:51.003  INFO 12524 --- [main] org.apache.catalina.core.StandardEngine  : Starting Servlet engine: [Apache Tomcat/9.0.74]
2024-07-23 12:07:51.185  INFO 12524 --- [main] o.a.c.c.C.[Tomcat].[localhost].[/]       : Initializing Spring embedded WebApplicationContext
2024-07-23 12:07:51.185  INFO 12524 --- [main] w.s.c.ServletWebServerApplicationContext : Root WebApplicationContext: initialization completed in 2426 ms
2024-07-23 12:07:51.362  INFO 12524 --- [main] com.zaxxer.hikari.HikariDataSource       : HikariPool-1 - Starting...
2024-07-23 12:07:51.457  INFO 12524 --- [main] com.zaxxer.hikari.HikariDataSource       : HikariPool-1 - Start completed.
2024-07-23 12:07:51.623  INFO 12524 --- [main] o.hibernate.jpa.internal.util.LogHelper  : HHH000204: Processing PersistenceUnitInfo [name: default]
2024-07-23 12:07:51.672  INFO 12524 --- [main] org.hibernate.Version                    : HHH000412: Hibernate ORM core version 5.6.15.Final
2024-07-23 12:07:51.814  INFO 12524 --- [main] o.hibernate.annotations.common.Version   : HCANN000001: Hibernate Commons Annotations {5.1.2.Final}
2024-07-23 12:07:51.926  INFO 12524 --- [main] org.hibernate.dialect.Dialect            : HHH000400: Using dialect: org.hibernate.dialect.MariaDBDialect
2024-07-23 12:07:52.649  INFO 12524 --- [main] o.h.e.t.j.p.i.JtaPlatformInitiator       : HHH000490: Using JtaPlatform implementation: [org.hibernate.engine.transaction.jta.platform.internal.NoJtaPlatform]
2024-07-23 12:07:52.652  INFO 12524 --- [main] j.LocalContainerEntityManagerFactoryBean : Initialized JPA EntityManagerFactory for persistence unit 'default'
2024-07-23 12:07:53.332  WARN 12524 --- [main] JpaBaseConfiguration$JpaWebConfiguration : spring.jpa.open-in-view is enabled by default. Therefore, database queries may be performed during view rendering. Explicitly configure spring.jpa.open-in-view to disable this warning
2024-07-23 12:07:53.682  WARN 12524 --- [main] o.s.b.a.batch.JpaBatchConfigurer         : JPA does not support custom isolation levels, so locks may not be taken when launching Jobs. To silence this warning, set 'spring.batch.jdbc.isolation-level-for-create' to 'default'.
2024-07-23 12:07:53.692  INFO 12524 --- [main] o.s.b.c.r.s.JobRepositoryFactoryBean     : No database type set, using meta data indicating: MYSQL
2024-07-23 12:07:53.713  INFO 12524 --- [main] o.s.b.c.l.support.SimpleJobLauncher      : No TaskExecutor has been set, defaulting to synchronous executor.
2024-07-23 12:07:53.812  INFO 12524 --- [main] o.s.b.w.embedded.tomcat.TomcatWebServer  : Tomcat started on port(s): 8080 (http) with context path ''
2024-07-23 12:07:53.834  INFO 12524 --- [main] com.beyond.board.BoardApplication        : Started BoardApplication in 5.895 seconds (JVM running for 6.461)
2024-07-23 12:07:53.840  INFO 12524 --- [main] o.s.b.a.b.JobLauncherApplicationRunner   : Running default command line with: []
2024-07-23 12:09:02.965  INFO 12524 --- [SpringApplicationShutdownHook] j.LocalContainerEntityManagerFactoryBean : Closing JPA EntityManagerFactory for persistence unit 'default'
2024-07-23 12:09:02.972  INFO 12524 --- [SpringApplicationShutdownHook] com.zaxxer.hikari.HikariDataSource       : HikariPool-1 - Shutdown initiated...
2024-07-23 12:09:02.972  INFO 12524 --- [SpringApplicationShutdownHook] com.zaxxer.hikari.HikariDataSource       : HikariPool-1 - Shutdown completed.
2024-07-23 12:09:06.239  INFO 27996 --- [main] com.beyond.board.BoardApplication        : Starting BoardApplication using Java 11.0.22 on LAPTOP-C67PUDO7 with PID 27996 (C:\Users\Playdata\Desktop\미니프로젝트\board\out\production\classes started by Playdata in C:\Users\Playdata\Desktop\미니프로젝트\board)
2024-07-23 12:09:06.242  INFO 27996 --- [main] com.beyond.board.BoardApplication        : No active profile set, falling back to 1 default profile: "default"
2024-07-23 12:09:07.333  INFO 27996 --- [main] .s.d.r.c.RepositoryConfigurationDelegate : Bootstrapping Spring Data JPA repositories in DEFAULT mode.
2024-07-23 12:09:07.412  INFO 27996 --- [main] .s.d.r.c.RepositoryConfigurationDelegate : Finished Spring Data repository scanning in 62 ms. Found 2 JPA repository interfaces.
2024-07-23 12:09:08.282  INFO 27996 --- [main] o.s.b.w.embedded.tomcat.TomcatWebServer  : Tomcat initialized with port(s): 8080 (http)
2024-07-23 12:09:08.292  INFO 27996 --- [main] o.apache.catalina.core.StandardService   : Starting service [Tomcat]
2024-07-23 12:09:08.292  INFO 27996 --- [main] org.apache.catalina.core.StandardEngine  : Starting Servlet engine: [Apache Tomcat/9.0.74]
2024-07-23 12:09:08.432  INFO 27996 --- [main] o.a.c.c.C.[Tomcat].[localhost].[/]       : Initializing Spring embedded WebApplicationContext
2024-07-23 12:09:08.432  INFO 27996 --- [main] w.s.c.ServletWebServerApplicationContext : Root WebApplicationContext: initialization completed in 2078 ms
2024-07-23 12:09:08.562  INFO 27996 --- [main] com.zaxxer.hikari.HikariDataSource       : HikariPool-1 - Starting...
2024-07-23 12:09:08.642  INFO 27996 --- [main] com.zaxxer.hikari.HikariDataSource       : HikariPool-1 - Start completed.
2024-07-23 12:09:08.792  INFO 27996 --- [main] o.hibernate.jpa.internal.util.LogHelper  : HHH000204: Processing PersistenceUnitInfo [name: default]
2024-07-23 12:09:08.852  INFO 27996 --- [main] org.hibernate.Version                    : HHH000412: Hibernate ORM core version 5.6.15.Final
2024-07-23 12:09:09.012  INFO 27996 --- [main] o.hibernate.annotations.common.Version   : HCANN000001: Hibernate Commons Annotations {5.1.2.Final}
2024-07-23 12:09:09.122  INFO 27996 --- [main] org.hibernate.dialect.Dialect            : HHH000400: Using dialect: org.hibernate.dialect.MariaDBDialect
2024-07-23 12:09:09.832  INFO 27996 --- [main] o.h.e.t.j.p.i.JtaPlatformInitiator       : HHH000490: Using JtaPlatform implementation: [org.hibernate.engine.transaction.jta.platform.internal.NoJtaPlatform]
2024-07-23 12:09:09.842  INFO 27996 --- [main] j.LocalContainerEntityManagerFactoryBean : Initialized JPA EntityManagerFactory for persistence unit 'default'
2024-07-23 12:09:10.532  WARN 27996 --- [main] JpaBaseConfiguration$JpaWebConfiguration : spring.jpa.open-in-view is enabled by default. Therefore, database queries may be performed during view rendering. Explicitly configure spring.jpa.open-in-view to disable this warning
2024-07-23 12:09:10.952  WARN 27996 --- [main] o.s.b.a.batch.JpaBatchConfigurer         : JPA does not support custom isolation levels, so locks may not be taken when launching Jobs. To silence this warning, set 'spring.batch.jdbc.isolation-level-for-create' to 'default'.
2024-07-23 12:09:10.956  INFO 27996 --- [main] o.s.b.c.r.s.JobRepositoryFactoryBean     : No database type set, using meta data indicating: MYSQL
2024-07-23 12:09:10.972  INFO 27996 --- [main] o.s.b.c.l.support.SimpleJobLauncher      : No TaskExecutor has been set, defaulting to synchronous executor.
2024-07-23 12:09:11.087  INFO 27996 --- [main] o.s.b.w.embedded.tomcat.TomcatWebServer  : Tomcat started on port(s): 8080 (http) with context path ''
2024-07-23 12:09:11.102  INFO 27996 --- [main] com.beyond.board.BoardApplication        : Started BoardApplication in 5.557 seconds (JVM running for 6.159)
2024-07-23 12:09:11.107  INFO 27996 --- [main] o.s.b.a.b.JobLauncherApplicationRunner   : Running default command line with: []
2024-07-23 12:20:52.804  INFO 27996 --- [SpringApplicationShutdownHook] j.LocalContainerEntityManagerFactoryBean : Closing JPA EntityManagerFactory for persistence unit 'default'
2024-07-23 12:20:52.809  INFO 27996 --- [SpringApplicationShutdownHook] com.zaxxer.hikari.HikariDataSource       : HikariPool-1 - Shutdown initiated...
2024-07-23 12:20:52.815  INFO 27996 --- [SpringApplicationShutdownHook] com.zaxxer.hikari.HikariDataSource       : HikariPool-1 - Shutdown completed.
12:38 com.beyond.board.BoardApplication-Starting BoardApplication using Java 11.0.22 on LAPTOP-C67PUDO7 with PID 2292 (C:\Users\Playdata\Desktop\미니프로젝트\board\out\production\classes started by Playdata in C:\Users\Playdata\Desktop\미니프로젝트\board)
12:38 com.beyond.board.BoardApplication-No active profile set, falling back to 1 default profile: "default"
12:38 o.s.d.r.c.RepositoryConfigurationDelegate-Bootstrapping Spring Data JPA repositories in DEFAULT mode.
12:38 o.s.d.r.c.RepositoryConfigurationDelegate-Finished Spring Data repository scanning in 58 ms. Found 2 JPA repository interfaces.
12:38 o.s.b.w.e.tomcat.TomcatWebServer-Tomcat initialized with port(s): 8080 (http)
12:38 o.a.coyote.http11.Http11NioProtocol-Initializing ProtocolHandler ["http-nio-8080"]
12:38 o.a.catalina.core.StandardService-Starting service [Tomcat]
12:38 o.a.catalina.core.StandardEngine-Starting Servlet engine: [Apache Tomcat/9.0.74]
12:38 o.a.c.c.C.[Tomcat].[localhost].[/]-Initializing Spring embedded WebApplicationContext
12:38 o.s.b.w.s.c.ServletWebServerApplicationContext-Root WebApplicationContext: initialization completed in 2200 ms
12:38 com.zaxxer.hikari.HikariDataSource-HikariPool-1 - Starting...
12:38 com.zaxxer.hikari.HikariDataSource-HikariPool-1 - Start completed.
12:38 o.h.jpa.internal.util.LogHelper-HHH000204: Processing PersistenceUnitInfo [name: default]
12:38 org.hibernate.Version-HHH000412: Hibernate ORM core version 5.6.15.Final
12:38 o.h.annotations.common.Version-HCANN000001: Hibernate Commons Annotations {5.1.2.Final}
12:38 org.hibernate.dialect.Dialect-HHH000400: Using dialect: org.hibernate.dialect.MariaDBDialect
12:38 o.h.e.t.j.p.i.JtaPlatformInitiator-HHH000490: Using JtaPlatform implementation: [org.hibernate.engine.transaction.jta.platform.internal.NoJtaPlatform]
12:38 o.s.o.j.LocalContainerEntityManagerFactoryBean-Initialized JPA EntityManagerFactory for persistence unit 'default'
12:38 o.s.b.a.o.j.JpaBaseConfiguration$JpaWebConfiguration-spring.jpa.open-in-view is enabled by default. Therefore, database queries may be performed during view rendering. Explicitly configure spring.jpa.open-in-view to disable this warning
12:38 o.s.b.a.batch.JpaBatchConfigurer-JPA does not support custom isolation levels, so locks may not be taken when launching Jobs. To silence this warning, set 'spring.batch.jdbc.isolation-level-for-create' to 'default'.
12:38 o.s.b.c.r.s.JobRepositoryFactoryBean-No database type set, using meta data indicating: MYSQL
12:38 o.s.b.c.l.support.SimpleJobLauncher-No TaskExecutor has been set, defaulting to synchronous executor.
12:38 o.a.coyote.http11.Http11NioProtocol-Starting ProtocolHandler ["http-nio-8080"]
12:38 o.s.b.w.e.tomcat.TomcatWebServer-Tomcat started on port(s): 8080 (http) with context path ''
12:38 com.beyond.board.BoardApplication-Started BoardApplication in 5.716 seconds (JVM running for 6.248)
12:38 o.s.b.a.b.JobLauncherApplicationRunner-Running default command line with: []
12:38 o.a.c.c.C.[Tomcat].[localhost].[/]-Initializing Spring DispatcherServlet 'dispatcherServlet'
12:38 o.s.web.servlet.DispatcherServlet-Initializing Servlet 'dispatcherServlet'
12:38 o.s.web.servlet.DispatcherServlet-Completed initialization in 1 ms
12:38 o.a.c.c.C.[.[.[.[dispatcherServlet]-Servlet.service() for servlet [dispatcherServlet] in context with path [] threw exception [Request processing failed; nested exception is javax.persistence.EntityNotFoundException: 없는 회원 입니다.] with root cause
javax.persistence.EntityNotFoundException: 없는 회원 입니다.
	at com.beyond.board.author.service.AuthorService.lambda$authorDetail$0(AuthorService.java:73)
	at java.base/java.util.Optional.orElseThrow(Optional.java:408)
	at com.beyond.board.author.service.AuthorService.authorDetail(AuthorService.java:73)
	at com.beyond.board.author.service.AuthorService$$FastClassBySpringCGLIB$$cc00b908.invoke(<generated>)
	at org.springframework.cglib.proxy.MethodProxy.invoke(MethodProxy.java:218)
	at org.springframework.aop.framework.CglibAopProxy$CglibMethodInvocation.invokeJoinpoint(CglibAopProxy.java:793)
	at org.springframework.aop.framework.ReflectiveMethodInvocation.proceed(ReflectiveMethodInvocation.java:163)
	at org.springframework.aop.framework.CglibAopProxy$CglibMethodInvocation.proceed(CglibAopProxy.java:763)
	at org.springframework.transaction.interceptor.TransactionInterceptor$1.proceedWithInvocation(TransactionInterceptor.java:123)
	at org.springframework.transaction.interceptor.TransactionAspectSupport.invokeWithinTransaction(TransactionAspectSupport.java:388)
	at org.springframework.transaction.interceptor.TransactionInterceptor.invoke(TransactionInterceptor.java:119)
	at org.springframework.aop.framework.ReflectiveMethodInvocation.proceed(ReflectiveMethodInvocation.java:186)
	at org.springframework.aop.framework.CglibAopProxy$CglibMethodInvocation.proceed(CglibAopProxy.java:763)
	at org.springframework.aop.framework.CglibAopProxy$DynamicAdvisedInterceptor.intercept(CglibAopProxy.java:708)
	at com.beyond.board.author.service.AuthorService$$EnhancerBySpringCGLIB$$764e9205.authorDetail(<generated>)
	at com.beyond.board.author.controller.AuthorController.authorDetailList(AuthorController.java:55)
	at java.base/jdk.internal.reflect.NativeMethodAccessorImpl.invoke0(Native Method)
	at java.base/jdk.internal.reflect.NativeMethodAccessorImpl.invoke(NativeMethodAccessorImpl.java:62)
	at java.base/jdk.internal.reflect.DelegatingMethodAccessorImpl.invoke(DelegatingMethodAccessorImpl.java:43)
	at java.base/java.lang.reflect.Method.invoke(Method.java:566)
	at org.springframework.web.method.support.InvocableHandlerMethod.doInvoke(InvocableHandlerMethod.java:205)
	at org.springframework.web.method.support.InvocableHandlerMethod.invokeForRequest(InvocableHandlerMethod.java:150)
	at org.springframework.web.servlet.mvc.method.annotation.ServletInvocableHandlerMethod.invokeAndHandle(ServletInvocableHandlerMethod.java:117)
	at org.springframework.web.servlet.mvc.method.annotation.RequestMappingHandlerAdapter.invokeHandlerMethod(RequestMappingHandlerAdapter.java:895)
	at org.springframework.web.servlet.mvc.method.annotation.RequestMappingHandlerAdapter.handleInternal(RequestMappingHandlerAdapter.java:808)
	at org.springframework.web.servlet.mvc.method.AbstractHandlerMethodAdapter.handle(AbstractHandlerMethodAdapter.java:87)
	at org.springframework.web.servlet.DispatcherServlet.doDispatch(DispatcherServlet.java:1072)
	at org.springframework.web.servlet.DispatcherServlet.doService(DispatcherServlet.java:965)
	at org.springframework.web.servlet.FrameworkServlet.processRequest(FrameworkServlet.java:1006)
	at org.springframework.web.servlet.FrameworkServlet.doGet(FrameworkServlet.java:898)
	at javax.servlet.http.HttpServlet.service(HttpServlet.java:529)
	at org.springframework.web.servlet.FrameworkServlet.service(FrameworkServlet.java:883)
	at javax.servlet.http.HttpServlet.service(HttpServlet.java:623)
	at org.apache.catalina.core.ApplicationFilterChain.internalDoFilter(ApplicationFilterChain.java:209)
	at org.apache.catalina.core.ApplicationFilterChain.doFilter(ApplicationFilterChain.java:153)
	at org.apache.tomcat.websocket.server.WsFilter.doFilter(WsFilter.java:51)
	at org.apache.catalina.core.ApplicationFilterChain.internalDoFilter(ApplicationFilterChain.java:178)
	at org.apache.catalina.core.ApplicationFilterChain.doFilter(ApplicationFilterChain.java:153)
	at org.springframework.web.filter.RequestContextFilter.doFilterInternal(RequestContextFilter.java:100)
	at org.springframework.web.filter.OncePerRequestFilter.doFilter(OncePerRequestFilter.java:117)
	at org.apache.catalina.core.ApplicationFilterChain.internalDoFilter(ApplicationFilterChain.java:178)
	at org.apache.catalina.core.ApplicationFilterChain.doFilter(ApplicationFilterChain.java:153)
	at org.springframework.web.filter.FormContentFilter.doFilterInternal(FormContentFilter.java:93)
	at org.springframework.web.filter.OncePerRequestFilter.doFilter(OncePerRequestFilter.java:117)
	at org.apache.catalina.core.ApplicationFilterChain.internalDoFilter(ApplicationFilterChain.java:178)
	at org.apache.catalina.core.ApplicationFilterChain.doFilter(ApplicationFilterChain.java:153)
	at org.springframework.web.filter.CharacterEncodingFilter.doFilterInternal(CharacterEncodingFilter.java:201)
	at org.springframework.web.filter.OncePerRequestFilter.doFilter(OncePerRequestFilter.java:117)
	at org.apache.catalina.core.ApplicationFilterChain.internalDoFilter(ApplicationFilterChain.java:178)
	at org.apache.catalina.core.ApplicationFilterChain.doFilter(ApplicationFilterChain.java:153)
	at org.apache.catalina.core.StandardWrapperValve.invoke(StandardWrapperValve.java:167)
	at org.apache.catalina.core.StandardContextValve.invoke(StandardContextValve.java:90)
	at org.apache.catalina.authenticator.AuthenticatorBase.invoke(AuthenticatorBase.java:481)
	at org.apache.catalina.core.StandardHostValve.invoke(StandardHostValve.java:130)
	at org.apache.catalina.valves.ErrorReportValve.invoke(ErrorReportValve.java:93)
	at org.apache.catalina.core.StandardEngineValve.invoke(StandardEngineValve.java:74)
	at org.apache.catalina.connector.CoyoteAdapter.service(CoyoteAdapter.java:343)
	at org.apache.coyote.http11.Http11Processor.service(Http11Processor.java:389)
	at org.apache.coyote.AbstractProcessorLight.process(AbstractProcessorLight.java:63)
	at org.apache.coyote.AbstractProtocol$ConnectionHandler.process(AbstractProtocol.java:926)
	at org.apache.tomcat.util.net.NioEndpoint$SocketProcessor.doRun(NioEndpoint.java:1791)
	at org.apache.tomcat.util.net.SocketProcessorBase.run(SocketProcessorBase.java:52)
	at org.apache.tomcat.util.threads.ThreadPoolExecutor.runWorker(ThreadPoolExecutor.java:1191)
	at org.apache.tomcat.util.threads.ThreadPoolExecutor$Worker.run(ThreadPoolExecutor.java:659)
	at org.apache.tomcat.util.threads.TaskThread$WrappingRunnable.run(TaskThread.java:61)
	at java.base/java.lang.Thread.run(Thread.java:834)
13:47 o.s.o.j.LocalContainerEntityManagerFactoryBean-Closing JPA EntityManagerFactory for persistence unit 'default'
13:47 com.zaxxer.hikari.HikariDataSource-HikariPool-1 - Shutdown initiated...
13:47 com.zaxxer.hikari.HikariDataSource-HikariPool-1 - Shutdown completed.
14:09 com.beyond.board.BoardApplication-Starting BoardApplication using Java 11.0.22 on LAPTOP-C67PUDO7 with PID 13040 (C:\Users\Playdata\Desktop\미니프로젝트\board\out\production\classes started by Playdata in C:\Users\Playdata\Desktop\미니프로젝트\board)
14:09 com.beyond.board.BoardApplication-The following 1 profile is active: "prod"
14:09 o.s.d.r.c.RepositoryConfigurationDelegate-Bootstrapping Spring Data JPA repositories in DEFAULT mode.
14:09 o.s.d.r.c.RepositoryConfigurationDelegate-Finished Spring Data repository scanning in 83 ms. Found 2 JPA repository interfaces.
14:09 o.s.b.w.e.tomcat.TomcatWebServer-Tomcat initialized with port(s): 8081 (http)
14:09 o.a.coyote.http11.Http11NioProtocol-Initializing ProtocolHandler ["http-nio-8081"]
14:09 o.a.catalina.core.StandardService-Starting service [Tomcat]
14:09 o.a.catalina.core.StandardEngine-Starting Servlet engine: [Apache Tomcat/9.0.74]
14:09 o.a.c.c.C.[Tomcat].[localhost].[/]-Initializing Spring embedded WebApplicationContext
14:09 o.s.b.w.s.c.ServletWebServerApplicationContext-Root WebApplicationContext: initialization completed in 2658 ms
14:09 com.zaxxer.hikari.HikariDataSource-HikariPool-1 - Starting...
14:09 com.zaxxer.hikari.HikariDataSource-HikariPool-1 - Start completed.
14:09 o.h.jpa.internal.util.LogHelper-HHH000204: Processing PersistenceUnitInfo [name: default]
14:09 org.hibernate.Version-HHH000412: Hibernate ORM core version 5.6.15.Final
14:09 o.h.annotations.common.Version-HCANN000001: Hibernate Commons Annotations {5.1.2.Final}
14:09 org.hibernate.dialect.Dialect-HHH000400: Using dialect: org.hibernate.dialect.MariaDBDialect
14:09 o.h.e.t.j.p.i.JtaPlatformInitiator-HHH000490: Using JtaPlatform implementation: [org.hibernate.engine.transaction.jta.platform.internal.NoJtaPlatform]
14:09 o.s.o.j.LocalContainerEntityManagerFactoryBean-Initialized JPA EntityManagerFactory for persistence unit 'default'
14:09 o.s.b.a.o.j.JpaBaseConfiguration$JpaWebConfiguration-spring.jpa.open-in-view is enabled by default. Therefore, database queries may be performed during view rendering. Explicitly configure spring.jpa.open-in-view to disable this warning
14:09 o.s.b.a.batch.JpaBatchConfigurer-JPA does not support custom isolation levels, so locks may not be taken when launching Jobs. To silence this warning, set 'spring.batch.jdbc.isolation-level-for-create' to 'default'.
14:09 o.s.b.c.r.s.JobRepositoryFactoryBean-No database type set, using meta data indicating: MYSQL
14:09 o.s.b.c.l.support.SimpleJobLauncher-No TaskExecutor has been set, defaulting to synchronous executor.
14:09 o.a.coyote.http11.Http11NioProtocol-Starting ProtocolHandler ["http-nio-8081"]
14:09 o.s.b.w.e.tomcat.TomcatWebServer-Tomcat started on port(s): 8081 (http) with context path ''
14:09 com.beyond.board.BoardApplication-Started BoardApplication in 5.877 seconds (JVM running for 6.453)
14:09 o.s.b.a.b.JobLauncherApplicationRunner-Running default command line with: []
14:17 o.s.o.j.LocalContainerEntityManagerFactoryBean-Closing JPA EntityManagerFactory for persistence unit 'default'
14:17 com.zaxxer.hikari.HikariDataSource-HikariPool-1 - Shutdown initiated...
14:17 com.zaxxer.hikari.HikariDataSource-HikariPool-1 - Shutdown completed.
14:17 com.beyond.board.BoardApplication-Starting BoardApplication using Java 11.0.22 on LAPTOP-C67PUDO7 with PID 19792 (C:\Users\Playdata\Desktop\미니프로젝트\board\out\production\classes started by Playdata in C:\Users\Playdata\Desktop\미니프로젝트\board)
14:17 com.beyond.board.BoardApplication-The following 1 profile is active: "dev"
14:17 o.s.d.r.c.RepositoryConfigurationDelegate-Bootstrapping Spring Data JPA repositories in DEFAULT mode.
14:17 o.s.d.r.c.RepositoryConfigurationDelegate-Finished Spring Data repository scanning in 68 ms. Found 2 JPA repository interfaces.
14:17 o.s.b.w.e.tomcat.TomcatWebServer-Tomcat initialized with port(s): 8080 (http)
14:17 o.a.coyote.http11.Http11NioProtocol-Initializing ProtocolHandler ["http-nio-8080"]
14:17 o.a.catalina.core.StandardService-Starting service [Tomcat]
14:17 o.a.catalina.core.StandardEngine-Starting Servlet engine: [Apache Tomcat/9.0.74]
14:17 o.a.c.c.C.[Tomcat].[localhost].[/]-Initializing Spring embedded WebApplicationContext
14:17 o.s.b.w.s.c.ServletWebServerApplicationContext-Root WebApplicationContext: initialization completed in 2669 ms
14:17 com.zaxxer.hikari.HikariDataSource-HikariPool-1 - Starting...
14:17 com.zaxxer.hikari.HikariDataSource-HikariPool-1 - Start completed.
14:17 o.h.jpa.internal.util.LogHelper-HHH000204: Processing PersistenceUnitInfo [name: default]
14:17 org.hibernate.Version-HHH000412: Hibernate ORM core version 5.6.15.Final
14:17 o.h.annotations.common.Version-HCANN000001: Hibernate Commons Annotations {5.1.2.Final}
14:17 org.hibernate.dialect.Dialect-HHH000400: Using dialect: org.hibernate.dialect.MariaDBDialect
14:17 o.h.e.t.j.p.i.JtaPlatformInitiator-HHH000490: Using JtaPlatform implementation: [org.hibernate.engine.transaction.jta.platform.internal.NoJtaPlatform]
14:17 o.s.o.j.LocalContainerEntityManagerFactoryBean-Initialized JPA EntityManagerFactory for persistence unit 'default'
14:17 o.s.b.a.o.j.JpaBaseConfiguration$JpaWebConfiguration-spring.jpa.open-in-view is enabled by default. Therefore, database queries may be performed during view rendering. Explicitly configure spring.jpa.open-in-view to disable this warning
14:17 o.s.b.a.batch.JpaBatchConfigurer-JPA does not support custom isolation levels, so locks may not be taken when launching Jobs. To silence this warning, set 'spring.batch.jdbc.isolation-level-for-create' to 'default'.
14:17 o.s.b.c.r.s.JobRepositoryFactoryBean-No database type set, using meta data indicating: MYSQL
14:17 o.s.b.c.l.support.SimpleJobLauncher-No TaskExecutor has been set, defaulting to synchronous executor.
14:17 o.a.coyote.http11.Http11NioProtocol-Starting ProtocolHandler ["http-nio-8080"]
14:17 o.s.b.w.e.tomcat.TomcatWebServer-Tomcat started on port(s): 8080 (http) with context path ''
14:17 com.beyond.board.BoardApplication-Started BoardApplication in 5.635 seconds (JVM running for 6.19)
14:17 o.s.b.a.b.JobLauncherApplicationRunner-Running default command line with: []
14:43 o.s.o.j.LocalContainerEntityManagerFactoryBean-Closing JPA EntityManagerFactory for persistence unit 'default'
14:43 com.zaxxer.hikari.HikariDataSource-HikariPool-1 - Shutdown initiated...
14:43 com.zaxxer.hikari.HikariDataSource-HikariPool-1 - Shutdown completed.
14:43 com.beyond.board.BoardApplication-Starting BoardApplication using Java 11.0.22 on LAPTOP-C67PUDO7 with PID 14444 (C:\Users\Playdata\Desktop\미니프로젝트\board\out\production\classes started by Playdata in C:\Users\Playdata\Desktop\미니프로젝트\board)
14:43 com.beyond.board.BoardApplication-The following 1 profile is active: "dev"
14:43 o.s.d.r.c.RepositoryConfigurationDelegate-Bootstrapping Spring Data JPA repositories in DEFAULT mode.
14:43 o.s.d.r.c.RepositoryConfigurationDelegate-Finished Spring Data repository scanning in 77 ms. Found 2 JPA repository interfaces.
14:43 o.s.b.w.e.tomcat.TomcatWebServer-Tomcat initialized with port(s): 8080 (http)
14:43 o.a.coyote.http11.Http11NioProtocol-Initializing ProtocolHandler ["http-nio-8080"]
14:43 o.a.catalina.core.StandardService-Starting service [Tomcat]
14:43 o.a.catalina.core.StandardEngine-Starting Servlet engine: [Apache Tomcat/9.0.74]
14:43 o.a.c.c.C.[Tomcat].[localhost].[/]-Initializing Spring embedded WebApplicationContext
14:43 o.s.b.w.s.c.ServletWebServerApplicationContext-Root WebApplicationContext: initialization completed in 2778 ms
14:43 com.zaxxer.hikari.HikariDataSource-HikariPool-1 - Starting...
14:43 com.zaxxer.hikari.HikariDataSource-HikariPool-1 - Start completed.
14:43 o.h.jpa.internal.util.LogHelper-HHH000204: Processing PersistenceUnitInfo [name: default]
14:43 org.hibernate.Version-HHH000412: Hibernate ORM core version 5.6.15.Final
14:43 o.h.annotations.common.Version-HCANN000001: Hibernate Commons Annotations {5.1.2.Final}
14:43 org.hibernate.dialect.Dialect-HHH000400: Using dialect: org.hibernate.dialect.MariaDBDialect
14:43 o.h.e.t.j.p.i.JtaPlatformInitiator-HHH000490: Using JtaPlatform implementation: [org.hibernate.engine.transaction.jta.platform.internal.NoJtaPlatform]
14:43 o.s.o.j.LocalContainerEntityManagerFactoryBean-Initialized JPA EntityManagerFactory for persistence unit 'default'
14:44 o.s.b.a.o.j.JpaBaseConfiguration$JpaWebConfiguration-spring.jpa.open-in-view is enabled by default. Therefore, database queries may be performed during view rendering. Explicitly configure spring.jpa.open-in-view to disable this warning
14:44 o.s.b.a.batch.JpaBatchConfigurer-JPA does not support custom isolation levels, so locks may not be taken when launching Jobs. To silence this warning, set 'spring.batch.jdbc.isolation-level-for-create' to 'default'.
14:44 o.s.b.c.r.s.JobRepositoryFactoryBean-No database type set, using meta data indicating: MYSQL
14:44 o.s.b.c.l.support.SimpleJobLauncher-No TaskExecutor has been set, defaulting to synchronous executor.
14:44 o.a.coyote.http11.Http11NioProtocol-Starting ProtocolHandler ["http-nio-8080"]
14:44 o.s.b.w.e.tomcat.TomcatWebServer-Tomcat started on port(s): 8080 (http) with context path ''
14:44 com.beyond.board.BoardApplication-Started BoardApplication in 5.753 seconds (JVM running for 6.281)
14:44 o.s.b.a.b.JobLauncherApplicationRunner-Running default command line with: []
14:44 o.a.c.c.C.[Tomcat].[localhost].[/]-Initializing Spring DispatcherServlet 'dispatcherServlet'
14:44 o.s.web.servlet.DispatcherServlet-Initializing Servlet 'dispatcherServlet'
14:44 o.s.web.servlet.DispatcherServlet-Completed initialization in 1 ms
14:44 c.b.b.a.controller.AuthorController-get요청이고, parmeter는 11
14:44 c.b.b.a.controller.AuthorController-메서드 : authorDetailList
14:44 c.b.b.post.controller.PostController-get요청이고, parmeter는 39
14:44 c.b.b.post.controller.PostController-메서드 : postList
15:11 o.s.o.j.LocalContainerEntityManagerFactoryBean-Closing JPA EntityManagerFactory for persistence unit 'default'
15:11 com.zaxxer.hikari.HikariDataSource-HikariPool-1 - Shutdown initiated...
15:11 com.zaxxer.hikari.HikariDataSource-HikariPool-1 - Shutdown completed.
15:11 com.beyond.board.BoardApplication-Starting BoardApplication using Java 11.0.22 on LAPTOP-C67PUDO7 with PID 11352 (C:\Users\Playdata\Desktop\미니프로젝트\board\out\production\classes started by Playdata in C:\Users\Playdata\Desktop\미니프로젝트\board)
15:11 com.beyond.board.BoardApplication-The following 1 profile is active: "dev"
15:11 o.s.d.r.c.RepositoryConfigurationDelegate-Bootstrapping Spring Data JPA repositories in DEFAULT mode.
15:11 o.s.d.r.c.RepositoryConfigurationDelegate-Finished Spring Data repository scanning in 73 ms. Found 2 JPA repository interfaces.
15:11 o.s.b.w.s.c.AnnotationConfigServletWebServerApplicationContext-Exception encountered during context initialization - cancelling refresh attempt: org.springframework.beans.factory.BeanCreationException: Error creating bean with name 'projectingArgumentResolverBeanPostProcessor' defined in class path resource [org/springframework/data/web/config/ProjectingArgumentResolverRegistrar.class]: BeanPostProcessor before instantiation of bean failed; nested exception is org.springframework.beans.factory.BeanCreationException: Error creating bean with name 'org.springframework.transaction.annotation.ProxyTransactionManagementConfiguration': Initialization of bean failed; nested exception is java.lang.IllegalArgumentException: warning no match for this type name: org.spring.framework.stereotype.Controller [Xlint:invalidAbsoluteTypeName]
15:11 o.s.b.a.l.ConditionEvaluationReportLoggingListener-

Error starting ApplicationContext. To display the conditions report re-run your application with 'debug' enabled.
15:11 o.s.boot.SpringApplication-Application run failed
org.springframework.beans.factory.BeanCreationException: Error creating bean with name 'projectingArgumentResolverBeanPostProcessor' defined in class path resource [org/springframework/data/web/config/ProjectingArgumentResolverRegistrar.class]: BeanPostProcessor before instantiation of bean failed; nested exception is org.springframework.beans.factory.BeanCreationException: Error creating bean with name 'org.springframework.transaction.annotation.ProxyTransactionManagementConfiguration': Initialization of bean failed; nested exception is java.lang.IllegalArgumentException: warning no match for this type name: org.spring.framework.stereotype.Controller [Xlint:invalidAbsoluteTypeName]
	at org.springframework.beans.factory.support.AbstractAutowireCapableBeanFactory.createBean(AbstractAutowireCapableBeanFactory.java:537)
	at org.springframework.beans.factory.support.AbstractBeanFactory.lambda$doGetBean$0(AbstractBeanFactory.java:335)
	at org.springframework.beans.factory.support.DefaultSingletonBeanRegistry.getSingleton(DefaultSingletonBeanRegistry.java:234)
	at org.springframework.beans.factory.support.AbstractBeanFactory.doGetBean(AbstractBeanFactory.java:333)
	at org.springframework.beans.factory.support.AbstractBeanFactory.getBean(AbstractBeanFactory.java:213)
	at org.springframework.context.support.PostProcessorRegistrationDelegate.registerBeanPostProcessors(PostProcessorRegistrationDelegate.java:270)
	at org.springframework.context.support.AbstractApplicationContext.registerBeanPostProcessors(AbstractApplicationContext.java:764)
	at org.springframework.context.support.AbstractApplicationContext.refresh(AbstractApplicationContext.java:567)
	at org.springframework.boot.web.servlet.context.ServletWebServerApplicationContext.refresh(ServletWebServerApplicationContext.java:147)
	at org.springframework.boot.SpringApplication.refresh(SpringApplication.java:731)
	at org.springframework.boot.SpringApplication.refreshContext(SpringApplication.java:408)
	at org.springframework.boot.SpringApplication.run(SpringApplication.java:307)
	at org.springframework.boot.SpringApplication.run(SpringApplication.java:1303)
	at org.springframework.boot.SpringApplication.run(SpringApplication.java:1292)
	at com.beyond.board.BoardApplication.main(BoardApplication.java:14)
Caused by: org.springframework.beans.factory.BeanCreationException: Error creating bean with name 'org.springframework.transaction.annotation.ProxyTransactionManagementConfiguration': Initialization of bean failed; nested exception is java.lang.IllegalArgumentException: warning no match for this type name: org.spring.framework.stereotype.Controller [Xlint:invalidAbsoluteTypeName]
	at org.springframework.beans.factory.support.AbstractAutowireCapableBeanFactory.doCreateBean(AbstractAutowireCapableBeanFactory.java:628)
	at org.springframework.beans.factory.support.AbstractAutowireCapableBeanFactory.createBean(AbstractAutowireCapableBeanFactory.java:542)
	at org.springframework.beans.factory.support.AbstractBeanFactory.lambda$doGetBean$0(AbstractBeanFactory.java:335)
	at org.springframework.beans.factory.support.DefaultSingletonBeanRegistry.getSingleton(DefaultSingletonBeanRegistry.java:234)
	at org.springframework.beans.factory.support.AbstractBeanFactory.doGetBean(AbstractBeanFactory.java:333)
	at org.springframework.beans.factory.support.AbstractBeanFactory.getBean(AbstractBeanFactory.java:208)
	at org.springframework.beans.factory.support.ConstructorResolver.instantiateUsingFactoryMethod(ConstructorResolver.java:410)
	at org.springframework.beans.factory.support.AbstractAutowireCapableBeanFactory.instantiateUsingFactoryMethod(AbstractAutowireCapableBeanFactory.java:1352)
	at org.springframework.beans.factory.support.AbstractAutowireCapableBeanFactory.createBeanInstance(AbstractAutowireCapableBeanFactory.java:1195)
	at org.springframework.beans.factory.support.AbstractAutowireCapableBeanFactory.doCreateBean(AbstractAutowireCapableBeanFactory.java:582)
	at org.springframework.beans.factory.support.AbstractAutowireCapableBeanFactory.createBean(AbstractAutowireCapableBeanFactory.java:542)
	at org.springframework.beans.factory.support.AbstractBeanFactory.lambda$doGetBean$0(AbstractBeanFactory.java:335)
	at org.springframework.beans.factory.support.DefaultSingletonBeanRegistry.getSingleton(DefaultSingletonBeanRegistry.java:234)
	at org.springframework.beans.factory.support.AbstractBeanFactory.doGetBean(AbstractBeanFactory.java:333)
	at org.springframework.beans.factory.support.AbstractBeanFactory.getBean(AbstractBeanFactory.java:213)
	at org.springframework.aop.framework.autoproxy.BeanFactoryAdvisorRetrievalHelper.findAdvisorBeans(BeanFactoryAdvisorRetrievalHelper.java:91)
	at org.springframework.aop.framework.autoproxy.AbstractAdvisorAutoProxyCreator.findCandidateAdvisors(AbstractAdvisorAutoProxyCreator.java:111)
	at org.springframework.aop.aspectj.annotation.AnnotationAwareAspectJAutoProxyCreator.findCandidateAdvisors(AnnotationAwareAspectJAutoProxyCreator.java:92)
	at org.springframework.aop.aspectj.autoproxy.AspectJAwareAdvisorAutoProxyCreator.shouldSkip(AspectJAwareAdvisorAutoProxyCreator.java:101)
	at org.springframework.aop.framework.autoproxy.AbstractAutoProxyCreator.postProcessBeforeInstantiation(AbstractAutoProxyCreator.java:255)
	at org.springframework.beans.factory.support.AbstractAutowireCapableBeanFactory.applyBeanPostProcessorsBeforeInstantiation(AbstractAutowireCapableBeanFactory.java:1160)
	at org.springframework.beans.factory.support.AbstractAutowireCapableBeanFactory.resolveBeforeInstantiation(AbstractAutowireCapableBeanFactory.java:1135)
	at org.springframework.beans.factory.support.AbstractAutowireCapableBeanFactory.createBean(AbstractAutowireCapableBeanFactory.java:531)
	... 14 common frames omitted
Caused by: java.lang.IllegalArgumentException: warning no match for this type name: org.spring.framework.stereotype.Controller [Xlint:invalidAbsoluteTypeName]
	at org.aspectj.weaver.tools.PointcutParser.parsePointcutExpression(PointcutParser.java:319)
	at org.springframework.aop.aspectj.AspectJExpressionPointcut.buildPointcutExpression(AspectJExpressionPointcut.java:227)
	at org.springframework.aop.aspectj.AspectJExpressionPointcut.obtainPointcutExpression(AspectJExpressionPointcut.java:198)
	at org.springframework.aop.aspectj.AspectJExpressionPointcut.getClassFilter(AspectJExpressionPointcut.java:177)
	at org.springframework.aop.support.AopUtils.canApply(AopUtils.java:226)
	at org.springframework.aop.support.AopUtils.canApply(AopUtils.java:289)
	at org.springframework.aop.support.AopUtils.findAdvisorsThatCanApply(AopUtils.java:321)
	at org.springframework.aop.framework.autoproxy.AbstractAdvisorAutoProxyCreator.findAdvisorsThatCanApply(AbstractAdvisorAutoProxyCreator.java:128)
	at org.springframework.aop.framework.autoproxy.AbstractAdvisorAutoProxyCreator.findEligibleAdvisors(AbstractAdvisorAutoProxyCreator.java:97)
	at org.springframework.aop.framework.autoproxy.AbstractAdvisorAutoProxyCreator.getAdvicesAndAdvisorsForBean(AbstractAdvisorAutoProxyCreator.java:78)
	at org.springframework.aop.framework.autoproxy.AbstractAutoProxyCreator.wrapIfNecessary(AbstractAutoProxyCreator.java:341)
	at org.springframework.aop.framework.autoproxy.AbstractAutoProxyCreator.postProcessAfterInitialization(AbstractAutoProxyCreator.java:293)
	at org.springframework.beans.factory.support.AbstractAutowireCapableBeanFactory.applyBeanPostProcessorsAfterInitialization(AbstractAutowireCapableBeanFactory.java:455)
	at org.springframework.beans.factory.support.AbstractAutowireCapableBeanFactory.initializeBean(AbstractAutowireCapableBeanFactory.java:1808)
	at org.springframework.beans.factory.support.AbstractAutowireCapableBeanFactory.doCreateBean(AbstractAutowireCapableBeanFactory.java:620)
	... 36 common frames omitted
15:14 com.beyond.board.BoardApplication-Starting BoardApplication using Java 11.0.22 on LAPTOP-C67PUDO7 with PID 20572 (C:\Users\Playdata\Desktop\미니프로젝트\board\out\production\classes started by Playdata in C:\Users\Playdata\Desktop\미니프로젝트\board)
15:14 com.beyond.board.BoardApplication-The following 1 profile is active: "dev"
15:14 o.s.d.r.c.RepositoryConfigurationDelegate-Bootstrapping Spring Data JPA repositories in DEFAULT mode.
15:14 o.s.d.r.c.RepositoryConfigurationDelegate-Finished Spring Data repository scanning in 65 ms. Found 2 JPA repository interfaces.
15:14 o.s.b.w.s.c.AnnotationConfigServletWebServerApplicationContext-Exception encountered during context initialization - cancelling refresh attempt: org.springframework.beans.factory.BeanCreationException: Error creating bean with name 'projectingArgumentResolverBeanPostProcessor' defined in class path resource [org/springframework/data/web/config/ProjectingArgumentResolverRegistrar.class]: BeanPostProcessor before instantiation of bean failed; nested exception is org.springframework.beans.factory.BeanCreationException: Error creating bean with name 'org.springframework.transaction.annotation.ProxyTransactionManagementConfiguration': Initialization of bean failed; nested exception is java.lang.IllegalArgumentException: warning no match for this type name: org.spring.framework.stereotype.Controller [Xlint:invalidAbsoluteTypeName]
15:14 o.s.b.a.l.ConditionEvaluationReportLoggingListener-

Error starting ApplicationContext. To display the conditions report re-run your application with 'debug' enabled.
15:14 o.s.boot.SpringApplication-Application run failed
org.springframework.beans.factory.BeanCreationException: Error creating bean with name 'projectingArgumentResolverBeanPostProcessor' defined in class path resource [org/springframework/data/web/config/ProjectingArgumentResolverRegistrar.class]: BeanPostProcessor before instantiation of bean failed; nested exception is org.springframework.beans.factory.BeanCreationException: Error creating bean with name 'org.springframework.transaction.annotation.ProxyTransactionManagementConfiguration': Initialization of bean failed; nested exception is java.lang.IllegalArgumentException: warning no match for this type name: org.spring.framework.stereotype.Controller [Xlint:invalidAbsoluteTypeName]
	at org.springframework.beans.factory.support.AbstractAutowireCapableBeanFactory.createBean(AbstractAutowireCapableBeanFactory.java:537)
	at org.springframework.beans.factory.support.AbstractBeanFactory.lambda$doGetBean$0(AbstractBeanFactory.java:335)
	at org.springframework.beans.factory.support.DefaultSingletonBeanRegistry.getSingleton(DefaultSingletonBeanRegistry.java:234)
	at org.springframework.beans.factory.support.AbstractBeanFactory.doGetBean(AbstractBeanFactory.java:333)
	at org.springframework.beans.factory.support.AbstractBeanFactory.getBean(AbstractBeanFactory.java:213)
	at org.springframework.context.support.PostProcessorRegistrationDelegate.registerBeanPostProcessors(PostProcessorRegistrationDelegate.java:270)
	at org.springframework.context.support.AbstractApplicationContext.registerBeanPostProcessors(AbstractApplicationContext.java:764)
	at org.springframework.context.support.AbstractApplicationContext.refresh(AbstractApplicationContext.java:567)
	at org.springframework.boot.web.servlet.context.ServletWebServerApplicationContext.refresh(ServletWebServerApplicationContext.java:147)
	at org.springframework.boot.SpringApplication.refresh(SpringApplication.java:731)
	at org.springframework.boot.SpringApplication.refreshContext(SpringApplication.java:408)
	at org.springframework.boot.SpringApplication.run(SpringApplication.java:307)
	at org.springframework.boot.SpringApplication.run(SpringApplication.java:1303)
	at org.springframework.boot.SpringApplication.run(SpringApplication.java:1292)
	at com.beyond.board.BoardApplication.main(BoardApplication.java:14)
Caused by: org.springframework.beans.factory.BeanCreationException: Error creating bean with name 'org.springframework.transaction.annotation.ProxyTransactionManagementConfiguration': Initialization of bean failed; nested exception is java.lang.IllegalArgumentException: warning no match for this type name: org.spring.framework.stereotype.Controller [Xlint:invalidAbsoluteTypeName]
	at org.springframework.beans.factory.support.AbstractAutowireCapableBeanFactory.doCreateBean(AbstractAutowireCapableBeanFactory.java:628)
	at org.springframework.beans.factory.support.AbstractAutowireCapableBeanFactory.createBean(AbstractAutowireCapableBeanFactory.java:542)
	at org.springframework.beans.factory.support.AbstractBeanFactory.lambda$doGetBean$0(AbstractBeanFactory.java:335)
	at org.springframework.beans.factory.support.DefaultSingletonBeanRegistry.getSingleton(DefaultSingletonBeanRegistry.java:234)
	at org.springframework.beans.factory.support.AbstractBeanFactory.doGetBean(AbstractBeanFactory.java:333)
	at org.springframework.beans.factory.support.AbstractBeanFactory.getBean(AbstractBeanFactory.java:208)
	at org.springframework.beans.factory.support.ConstructorResolver.instantiateUsingFactoryMethod(ConstructorResolver.java:410)
	at org.springframework.beans.factory.support.AbstractAutowireCapableBeanFactory.instantiateUsingFactoryMethod(AbstractAutowireCapableBeanFactory.java:1352)
	at org.springframework.beans.factory.support.AbstractAutowireCapableBeanFactory.createBeanInstance(AbstractAutowireCapableBeanFactory.java:1195)
	at org.springframework.beans.factory.support.AbstractAutowireCapableBeanFactory.doCreateBean(AbstractAutowireCapableBeanFactory.java:582)
	at org.springframework.beans.factory.support.AbstractAutowireCapableBeanFactory.createBean(AbstractAutowireCapableBeanFactory.java:542)
	at org.springframework.beans.factory.support.AbstractBeanFactory.lambda$doGetBean$0(AbstractBeanFactory.java:335)
	at org.springframework.beans.factory.support.DefaultSingletonBeanRegistry.getSingleton(DefaultSingletonBeanRegistry.java:234)
	at org.springframework.beans.factory.support.AbstractBeanFactory.doGetBean(AbstractBeanFactory.java:333)
	at org.springframework.beans.factory.support.AbstractBeanFactory.getBean(AbstractBeanFactory.java:213)
	at org.springframework.aop.framework.autoproxy.BeanFactoryAdvisorRetrievalHelper.findAdvisorBeans(BeanFactoryAdvisorRetrievalHelper.java:91)
	at org.springframework.aop.framework.autoproxy.AbstractAdvisorAutoProxyCreator.findCandidateAdvisors(AbstractAdvisorAutoProxyCreator.java:111)
	at org.springframework.aop.aspectj.annotation.AnnotationAwareAspectJAutoProxyCreator.findCandidateAdvisors(AnnotationAwareAspectJAutoProxyCreator.java:92)
	at org.springframework.aop.aspectj.autoproxy.AspectJAwareAdvisorAutoProxyCreator.shouldSkip(AspectJAwareAdvisorAutoProxyCreator.java:101)
	at org.springframework.aop.framework.autoproxy.AbstractAutoProxyCreator.postProcessBeforeInstantiation(AbstractAutoProxyCreator.java:255)
	at org.springframework.beans.factory.support.AbstractAutowireCapableBeanFactory.applyBeanPostProcessorsBeforeInstantiation(AbstractAutowireCapableBeanFactory.java:1160)
	at org.springframework.beans.factory.support.AbstractAutowireCapableBeanFactory.resolveBeforeInstantiation(AbstractAutowireCapableBeanFactory.java:1135)
	at org.springframework.beans.factory.support.AbstractAutowireCapableBeanFactory.createBean(AbstractAutowireCapableBeanFactory.java:531)
	... 14 common frames omitted
Caused by: java.lang.IllegalArgumentException: warning no match for this type name: org.spring.framework.stereotype.Controller [Xlint:invalidAbsoluteTypeName]
	at org.aspectj.weaver.tools.PointcutParser.parsePointcutExpression(PointcutParser.java:319)
	at org.springframework.aop.aspectj.AspectJExpressionPointcut.buildPointcutExpression(AspectJExpressionPointcut.java:227)
	at org.springframework.aop.aspectj.AspectJExpressionPointcut.obtainPointcutExpression(AspectJExpressionPointcut.java:198)
	at org.springframework.aop.aspectj.AspectJExpressionPointcut.getClassFilter(AspectJExpressionPointcut.java:177)
	at org.springframework.aop.support.AopUtils.canApply(AopUtils.java:226)
	at org.springframework.aop.support.AopUtils.canApply(AopUtils.java:289)
	at org.springframework.aop.support.AopUtils.findAdvisorsThatCanApply(AopUtils.java:321)
	at org.springframework.aop.framework.autoproxy.AbstractAdvisorAutoProxyCreator.findAdvisorsThatCanApply(AbstractAdvisorAutoProxyCreator.java:128)
	at org.springframework.aop.framework.autoproxy.AbstractAdvisorAutoProxyCreator.findEligibleAdvisors(AbstractAdvisorAutoProxyCreator.java:97)
	at org.springframework.aop.framework.autoproxy.AbstractAdvisorAutoProxyCreator.getAdvicesAndAdvisorsForBean(AbstractAdvisorAutoProxyCreator.java:78)
	at org.springframework.aop.framework.autoproxy.AbstractAutoProxyCreator.wrapIfNecessary(AbstractAutoProxyCreator.java:341)
	at org.springframework.aop.framework.autoproxy.AbstractAutoProxyCreator.postProcessAfterInitialization(AbstractAutoProxyCreator.java:293)
	at org.springframework.beans.factory.support.AbstractAutowireCapableBeanFactory.applyBeanPostProcessorsAfterInitialization(AbstractAutowireCapableBeanFactory.java:455)
	at org.springframework.beans.factory.support.AbstractAutowireCapableBeanFactory.initializeBean(AbstractAutowireCapableBeanFactory.java:1808)
	at org.springframework.beans.factory.support.AbstractAutowireCapableBeanFactory.doCreateBean(AbstractAutowireCapableBeanFactory.java:620)
	... 36 common frames omitted
15:14 com.beyond.board.BoardApplication-Starting BoardApplication using Java 11.0.22 on LAPTOP-C67PUDO7 with PID 16392 (C:\Users\Playdata\Desktop\미니프로젝트\board\out\production\classes started by Playdata in C:\Users\Playdata\Desktop\미니프로젝트\board)
15:14 com.beyond.board.BoardApplication-The following 1 profile is active: "dev"
15:14 o.s.d.r.c.RepositoryConfigurationDelegate-Bootstrapping Spring Data JPA repositories in DEFAULT mode.
15:14 o.s.d.r.c.RepositoryConfigurationDelegate-Finished Spring Data repository scanning in 73 ms. Found 2 JPA repository interfaces.
15:14 o.s.b.w.s.c.AnnotationConfigServletWebServerApplicationContext-Exception encountered during context initialization - cancelling refresh attempt: org.springframework.beans.factory.BeanCreationException: Error creating bean with name 'projectingArgumentResolverBeanPostProcessor' defined in class path resource [org/springframework/data/web/config/ProjectingArgumentResolverRegistrar.class]: BeanPostProcessor before instantiation of bean failed; nested exception is org.springframework.beans.factory.BeanCreationException: Error creating bean with name 'org.springframework.transaction.annotation.ProxyTransactionManagementConfiguration': Initialization of bean failed; nested exception is java.lang.IllegalArgumentException: warning no match for this type name: org.spring.framework.stereotype.Controller [Xlint:invalidAbsoluteTypeName]
15:14 o.s.b.a.l.ConditionEvaluationReportLoggingListener-

Error starting ApplicationContext. To display the conditions report re-run your application with 'debug' enabled.
15:14 o.s.boot.SpringApplication-Application run failed
org.springframework.beans.factory.BeanCreationException: Error creating bean with name 'projectingArgumentResolverBeanPostProcessor' defined in class path resource [org/springframework/data/web/config/ProjectingArgumentResolverRegistrar.class]: BeanPostProcessor before instantiation of bean failed; nested exception is org.springframework.beans.factory.BeanCreationException: Error creating bean with name 'org.springframework.transaction.annotation.ProxyTransactionManagementConfiguration': Initialization of bean failed; nested exception is java.lang.IllegalArgumentException: warning no match for this type name: org.spring.framework.stereotype.Controller [Xlint:invalidAbsoluteTypeName]
	at org.springframework.beans.factory.support.AbstractAutowireCapableBeanFactory.createBean(AbstractAutowireCapableBeanFactory.java:537)
	at org.springframework.beans.factory.support.AbstractBeanFactory.lambda$doGetBean$0(AbstractBeanFactory.java:335)
	at org.springframework.beans.factory.support.DefaultSingletonBeanRegistry.getSingleton(DefaultSingletonBeanRegistry.java:234)
	at org.springframework.beans.factory.support.AbstractBeanFactory.doGetBean(AbstractBeanFactory.java:333)
	at org.springframework.beans.factory.support.AbstractBeanFactory.getBean(AbstractBeanFactory.java:213)
	at org.springframework.context.support.PostProcessorRegistrationDelegate.registerBeanPostProcessors(PostProcessorRegistrationDelegate.java:270)
	at org.springframework.context.support.AbstractApplicationContext.registerBeanPostProcessors(AbstractApplicationContext.java:764)
	at org.springframework.context.support.AbstractApplicationContext.refresh(AbstractApplicationContext.java:567)
	at org.springframework.boot.web.servlet.context.ServletWebServerApplicationContext.refresh(ServletWebServerApplicationContext.java:147)
	at org.springframework.boot.SpringApplication.refresh(SpringApplication.java:731)
	at org.springframework.boot.SpringApplication.refreshContext(SpringApplication.java:408)
	at org.springframework.boot.SpringApplication.run(SpringApplication.java:307)
	at org.springframework.boot.SpringApplication.run(SpringApplication.java:1303)
	at org.springframework.boot.SpringApplication.run(SpringApplication.java:1292)
	at com.beyond.board.BoardApplication.main(BoardApplication.java:14)
Caused by: org.springframework.beans.factory.BeanCreationException: Error creating bean with name 'org.springframework.transaction.annotation.ProxyTransactionManagementConfiguration': Initialization of bean failed; nested exception is java.lang.IllegalArgumentException: warning no match for this type name: org.spring.framework.stereotype.Controller [Xlint:invalidAbsoluteTypeName]
	at org.springframework.beans.factory.support.AbstractAutowireCapableBeanFactory.doCreateBean(AbstractAutowireCapableBeanFactory.java:628)
	at org.springframework.beans.factory.support.AbstractAutowireCapableBeanFactory.createBean(AbstractAutowireCapableBeanFactory.java:542)
	at org.springframework.beans.factory.support.AbstractBeanFactory.lambda$doGetBean$0(AbstractBeanFactory.java:335)
	at org.springframework.beans.factory.support.DefaultSingletonBeanRegistry.getSingleton(DefaultSingletonBeanRegistry.java:234)
	at org.springframework.beans.factory.support.AbstractBeanFactory.doGetBean(AbstractBeanFactory.java:333)
	at org.springframework.beans.factory.support.AbstractBeanFactory.getBean(AbstractBeanFactory.java:208)
	at org.springframework.beans.factory.support.ConstructorResolver.instantiateUsingFactoryMethod(ConstructorResolver.java:410)
	at org.springframework.beans.factory.support.AbstractAutowireCapableBeanFactory.instantiateUsingFactoryMethod(AbstractAutowireCapableBeanFactory.java:1352)
	at org.springframework.beans.factory.support.AbstractAutowireCapableBeanFactory.createBeanInstance(AbstractAutowireCapableBeanFactory.java:1195)
	at org.springframework.beans.factory.support.AbstractAutowireCapableBeanFactory.doCreateBean(AbstractAutowireCapableBeanFactory.java:582)
	at org.springframework.beans.factory.support.AbstractAutowireCapableBeanFactory.createBean(AbstractAutowireCapableBeanFactory.java:542)
	at org.springframework.beans.factory.support.AbstractBeanFactory.lambda$doGetBean$0(AbstractBeanFactory.java:335)
	at org.springframework.beans.factory.support.DefaultSingletonBeanRegistry.getSingleton(DefaultSingletonBeanRegistry.java:234)
	at org.springframework.beans.factory.support.AbstractBeanFactory.doGetBean(AbstractBeanFactory.java:333)
	at org.springframework.beans.factory.support.AbstractBeanFactory.getBean(AbstractBeanFactory.java:213)
	at org.springframework.aop.framework.autoproxy.BeanFactoryAdvisorRetrievalHelper.findAdvisorBeans(BeanFactoryAdvisorRetrievalHelper.java:91)
	at org.springframework.aop.framework.autoproxy.AbstractAdvisorAutoProxyCreator.findCandidateAdvisors(AbstractAdvisorAutoProxyCreator.java:111)
	at org.springframework.aop.aspectj.annotation.AnnotationAwareAspectJAutoProxyCreator.findCandidateAdvisors(AnnotationAwareAspectJAutoProxyCreator.java:92)
	at org.springframework.aop.aspectj.autoproxy.AspectJAwareAdvisorAutoProxyCreator.shouldSkip(AspectJAwareAdvisorAutoProxyCreator.java:101)
	at org.springframework.aop.framework.autoproxy.AbstractAutoProxyCreator.postProcessBeforeInstantiation(AbstractAutoProxyCreator.java:255)
	at org.springframework.beans.factory.support.AbstractAutowireCapableBeanFactory.applyBeanPostProcessorsBeforeInstantiation(AbstractAutowireCapableBeanFactory.java:1160)
	at org.springframework.beans.factory.support.AbstractAutowireCapableBeanFactory.resolveBeforeInstantiation(AbstractAutowireCapableBeanFactory.java:1135)
	at org.springframework.beans.factory.support.AbstractAutowireCapableBeanFactory.createBean(AbstractAutowireCapableBeanFactory.java:531)
	... 14 common frames omitted
Caused by: java.lang.IllegalArgumentException: warning no match for this type name: org.spring.framework.stereotype.Controller [Xlint:invalidAbsoluteTypeName]
	at org.aspectj.weaver.tools.PointcutParser.parsePointcutExpression(PointcutParser.java:319)
	at org.springframework.aop.aspectj.AspectJExpressionPointcut.buildPointcutExpression(AspectJExpressionPointcut.java:227)
	at org.springframework.aop.aspectj.AspectJExpressionPointcut.obtainPointcutExpression(AspectJExpressionPointcut.java:198)
	at org.springframework.aop.aspectj.AspectJExpressionPointcut.getClassFilter(AspectJExpressionPointcut.java:177)
	at org.springframework.aop.support.AopUtils.canApply(AopUtils.java:226)
	at org.springframework.aop.support.AopUtils.canApply(AopUtils.java:289)
	at org.springframework.aop.support.AopUtils.findAdvisorsThatCanApply(AopUtils.java:321)
	at org.springframework.aop.framework.autoproxy.AbstractAdvisorAutoProxyCreator.findAdvisorsThatCanApply(AbstractAdvisorAutoProxyCreator.java:128)
	at org.springframework.aop.framework.autoproxy.AbstractAdvisorAutoProxyCreator.findEligibleAdvisors(AbstractAdvisorAutoProxyCreator.java:97)
	at org.springframework.aop.framework.autoproxy.AbstractAdvisorAutoProxyCreator.getAdvicesAndAdvisorsForBean(AbstractAdvisorAutoProxyCreator.java:78)
	at org.springframework.aop.framework.autoproxy.AbstractAutoProxyCreator.wrapIfNecessary(AbstractAutoProxyCreator.java:341)
	at org.springframework.aop.framework.autoproxy.AbstractAutoProxyCreator.postProcessAfterInitialization(AbstractAutoProxyCreator.java:293)
	at org.springframework.beans.factory.support.AbstractAutowireCapableBeanFactory.applyBeanPostProcessorsAfterInitialization(AbstractAutowireCapableBeanFactory.java:455)
	at org.springframework.beans.factory.support.AbstractAutowireCapableBeanFactory.initializeBean(AbstractAutowireCapableBeanFactory.java:1808)
	at org.springframework.beans.factory.support.AbstractAutowireCapableBeanFactory.doCreateBean(AbstractAutowireCapableBeanFactory.java:620)
	... 36 common frames omitted
15:15 com.beyond.board.BoardApplication-Starting BoardApplication using Java 11.0.22 on LAPTOP-C67PUDO7 with PID 22264 (C:\Users\Playdata\Desktop\미니프로젝트\board\out\production\classes started by Playdata in C:\Users\Playdata\Desktop\미니프로젝트\board)
15:15 com.beyond.board.BoardApplication-The following 1 profile is active: "dev"
15:15 o.s.d.r.c.RepositoryConfigurationDelegate-Bootstrapping Spring Data JPA repositories in DEFAULT mode.
15:15 o.s.d.r.c.RepositoryConfigurationDelegate-Finished Spring Data repository scanning in 66 ms. Found 2 JPA repository interfaces.
15:15 o.s.b.w.e.tomcat.TomcatWebServer-Tomcat initialized with port(s): 8080 (http)
15:15 o.a.coyote.http11.Http11NioProtocol-Initializing ProtocolHandler ["http-nio-8080"]
15:15 o.a.catalina.core.StandardService-Starting service [Tomcat]
15:15 o.a.catalina.core.StandardEngine-Starting Servlet engine: [Apache Tomcat/9.0.74]
15:15 o.a.c.c.C.[Tomcat].[localhost].[/]-Initializing Spring embedded WebApplicationContext
15:15 o.s.b.w.s.c.ServletWebServerApplicationContext-Root WebApplicationContext: initialization completed in 2669 ms
15:15 com.zaxxer.hikari.HikariDataSource-HikariPool-1 - Starting...
15:15 com.zaxxer.hikari.HikariDataSource-HikariPool-1 - Start completed.
15:15 o.h.jpa.internal.util.LogHelper-HHH000204: Processing PersistenceUnitInfo [name: default]
15:15 org.hibernate.Version-HHH000412: Hibernate ORM core version 5.6.15.Final
15:15 o.h.annotations.common.Version-HCANN000001: Hibernate Commons Annotations {5.1.2.Final}
15:15 org.hibernate.dialect.Dialect-HHH000400: Using dialect: org.hibernate.dialect.MariaDBDialect
15:15 o.h.e.t.j.p.i.JtaPlatformInitiator-HHH000490: Using JtaPlatform implementation: [org.hibernate.engine.transaction.jta.platform.internal.NoJtaPlatform]
15:15 o.s.o.j.LocalContainerEntityManagerFactoryBean-Initialized JPA EntityManagerFactory for persistence unit 'default'
15:15 o.s.b.a.o.j.JpaBaseConfiguration$JpaWebConfiguration-spring.jpa.open-in-view is enabled by default. Therefore, database queries may be performed during view rendering. Explicitly configure spring.jpa.open-in-view to disable this warning
15:15 o.s.b.a.batch.JpaBatchConfigurer-JPA does not support custom isolation levels, so locks may not be taken when launching Jobs. To silence this warning, set 'spring.batch.jdbc.isolation-level-for-create' to 'default'.
15:15 o.s.b.c.r.s.JobRepositoryFactoryBean-No database type set, using meta data indicating: MYSQL
15:15 o.s.b.c.l.support.SimpleJobLauncher-No TaskExecutor has been set, defaulting to synchronous executor.
15:15 o.a.coyote.http11.Http11NioProtocol-Starting ProtocolHandler ["http-nio-8080"]
15:15 o.s.b.w.e.tomcat.TomcatWebServer-Tomcat started on port(s): 8080 (http) with context path ''
15:15 com.beyond.board.BoardApplication-Started BoardApplication in 5.774 seconds (JVM running for 6.253)
15:15 o.s.b.a.b.JobLauncherApplicationRunner-Running default command line with: []
15:15 o.a.c.c.C.[Tomcat].[localhost].[/]-Initializing Spring DispatcherServlet 'dispatcherServlet'
15:15 o.s.web.servlet.DispatcherServlet-Initializing Servlet 'dispatcherServlet'
15:15 o.s.web.servlet.DispatcherServlet-Completed initialization in 6 ms
15:15 c.beyond.board.common.AopLogService-Aop start
15:15 c.beyond.board.common.AopLogService-Aop end
15:22 o.s.o.j.LocalContainerEntityManagerFactoryBean-Closing JPA EntityManagerFactory for persistence unit 'default'
15:22 com.zaxxer.hikari.HikariDataSource-HikariPool-1 - Shutdown initiated...
15:22 com.zaxxer.hikari.HikariDataSource-HikariPool-1 - Shutdown completed.
15:22 com.beyond.board.BoardApplication-Starting BoardApplication using Java 11.0.22 on LAPTOP-C67PUDO7 with PID 12284 (C:\Users\Playdata\Desktop\미니프로젝트\board\out\production\classes started by Playdata in C:\Users\Playdata\Desktop\미니프로젝트\board)
15:22 com.beyond.board.BoardApplication-The following 1 profile is active: "dev"
15:22 o.s.d.r.c.RepositoryConfigurationDelegate-Bootstrapping Spring Data JPA repositories in DEFAULT mode.
15:22 o.s.d.r.c.RepositoryConfigurationDelegate-Finished Spring Data repository scanning in 75 ms. Found 2 JPA repository interfaces.
15:22 o.s.b.w.e.tomcat.TomcatWebServer-Tomcat initialized with port(s): 8080 (http)
15:22 o.a.coyote.http11.Http11NioProtocol-Initializing ProtocolHandler ["http-nio-8080"]
15:22 o.a.catalina.core.StandardService-Starting service [Tomcat]
15:22 o.a.catalina.core.StandardEngine-Starting Servlet engine: [Apache Tomcat/9.0.74]
15:22 o.a.c.c.C.[Tomcat].[localhost].[/]-Initializing Spring embedded WebApplicationContext
15:22 o.s.b.w.s.c.ServletWebServerApplicationContext-Root WebApplicationContext: initialization completed in 2666 ms
15:22 com.zaxxer.hikari.HikariDataSource-HikariPool-1 - Starting...
15:22 com.zaxxer.hikari.HikariDataSource-HikariPool-1 - Start completed.
15:22 o.h.jpa.internal.util.LogHelper-HHH000204: Processing PersistenceUnitInfo [name: default]
15:22 org.hibernate.Version-HHH000412: Hibernate ORM core version 5.6.15.Final
15:22 o.h.annotations.common.Version-HCANN000001: Hibernate Commons Annotations {5.1.2.Final}
15:22 org.hibernate.dialect.Dialect-HHH000400: Using dialect: org.hibernate.dialect.MariaDBDialect
15:22 o.h.e.t.j.p.i.JtaPlatformInitiator-HHH000490: Using JtaPlatform implementation: [org.hibernate.engine.transaction.jta.platform.internal.NoJtaPlatform]
15:22 o.s.o.j.LocalContainerEntityManagerFactoryBean-Initialized JPA EntityManagerFactory for persistence unit 'default'
15:22 o.s.b.a.o.j.JpaBaseConfiguration$JpaWebConfiguration-spring.jpa.open-in-view is enabled by default. Therefore, database queries may be performed during view rendering. Explicitly configure spring.jpa.open-in-view to disable this warning
15:22 o.s.b.a.batch.JpaBatchConfigurer-JPA does not support custom isolation levels, so locks may not be taken when launching Jobs. To silence this warning, set 'spring.batch.jdbc.isolation-level-for-create' to 'default'.
15:22 o.s.b.c.r.s.JobRepositoryFactoryBean-No database type set, using meta data indicating: MYSQL
15:22 o.s.b.c.l.support.SimpleJobLauncher-No TaskExecutor has been set, defaulting to synchronous executor.
15:22 o.a.coyote.http11.Http11NioProtocol-Starting ProtocolHandler ["http-nio-8080"]
15:22 o.s.b.w.e.tomcat.TomcatWebServer-Tomcat started on port(s): 8080 (http) with context path ''
15:22 com.beyond.board.BoardApplication-Started BoardApplication in 5.915 seconds (JVM running for 6.443)
15:22 o.s.b.a.b.JobLauncherApplicationRunner-Running default command line with: []
15:24 o.s.o.j.LocalContainerEntityManagerFactoryBean-Closing JPA EntityManagerFactory for persistence unit 'default'
15:24 com.zaxxer.hikari.HikariDataSource-HikariPool-1 - Shutdown initiated...
15:24 com.zaxxer.hikari.HikariDataSource-HikariPool-1 - Shutdown completed.
15:27 com.beyond.board.BoardApplication-Starting BoardApplication using Java 11.0.22 on LAPTOP-C67PUDO7 with PID 21348 (C:\Users\Playdata\Desktop\미니프로젝트\board\out\production\classes started by Playdata in C:\Users\Playdata\Desktop\미니프로젝트\board)
15:27 com.beyond.board.BoardApplication-The following 1 profile is active: "dev"
15:27 o.s.d.r.c.RepositoryConfigurationDelegate-Bootstrapping Spring Data JPA repositories in DEFAULT mode.
15:27 o.s.d.r.c.RepositoryConfigurationDelegate-Finished Spring Data repository scanning in 97 ms. Found 2 JPA repository interfaces.
15:27 o.s.b.w.e.tomcat.TomcatWebServer-Tomcat initialized with port(s): 8080 (http)
15:27 o.a.coyote.http11.Http11NioProtocol-Initializing ProtocolHandler ["http-nio-8080"]
15:27 o.a.catalina.core.StandardService-Starting service [Tomcat]
15:27 o.a.catalina.core.StandardEngine-Starting Servlet engine: [Apache Tomcat/9.0.74]
15:27 o.a.c.c.C.[Tomcat].[localhost].[/]-Initializing Spring embedded WebApplicationContext
15:27 o.s.b.w.s.c.ServletWebServerApplicationContext-Root WebApplicationContext: initialization completed in 3438 ms
15:27 com.zaxxer.hikari.HikariDataSource-HikariPool-1 - Starting...
15:27 com.zaxxer.hikari.HikariDataSource-HikariPool-1 - Start completed.
15:27 o.h.jpa.internal.util.LogHelper-HHH000204: Processing PersistenceUnitInfo [name: default]
15:27 org.hibernate.Version-HHH000412: Hibernate ORM core version 5.6.15.Final
15:27 o.h.annotations.common.Version-HCANN000001: Hibernate Commons Annotations {5.1.2.Final}
15:27 org.hibernate.dialect.Dialect-HHH000400: Using dialect: org.hibernate.dialect.MariaDBDialect
15:27 o.h.e.t.j.p.i.JtaPlatformInitiator-HHH000490: Using JtaPlatform implementation: [org.hibernate.engine.transaction.jta.platform.internal.NoJtaPlatform]
15:27 o.s.o.j.LocalContainerEntityManagerFactoryBean-Initialized JPA EntityManagerFactory for persistence unit 'default'
15:27 o.s.b.a.o.j.JpaBaseConfiguration$JpaWebConfiguration-spring.jpa.open-in-view is enabled by default. Therefore, database queries may be performed during view rendering. Explicitly configure spring.jpa.open-in-view to disable this warning
15:27 o.s.b.a.batch.JpaBatchConfigurer-JPA does not support custom isolation levels, so locks may not be taken when launching Jobs. To silence this warning, set 'spring.batch.jdbc.isolation-level-for-create' to 'default'.
15:27 o.s.b.c.r.s.JobRepositoryFactoryBean-No database type set, using meta data indicating: MYSQL
15:27 o.s.b.c.l.support.SimpleJobLauncher-No TaskExecutor has been set, defaulting to synchronous executor.
15:27 o.a.coyote.http11.Http11NioProtocol-Starting ProtocolHandler ["http-nio-8080"]
15:27 o.s.b.w.e.tomcat.TomcatWebServer-Tomcat started on port(s): 8080 (http) with context path ''
15:27 com.beyond.board.BoardApplication-Started BoardApplication in 6.967 seconds (JVM running for 7.473)
15:27 o.s.b.a.b.JobLauncherApplicationRunner-Running default command line with: []
15:27 o.a.c.c.C.[Tomcat].[localhost].[/]-Initializing Spring DispatcherServlet 'dispatcherServlet'
15:27 o.s.web.servlet.DispatcherServlet-Initializing Servlet 'dispatcherServlet'
15:27 o.s.web.servlet.DispatcherServlet-Completed initialization in 0 ms
15:27 c.beyond.board.common.AopLogService-Aop start
15:27 c.beyond.board.common.AopLogService-Method 명 : home
15:27 c.beyond.board.common.AopLogService-HTTP 메서드GET
15:27 c.beyond.board.common.AopLogService-Aop end
15:27 c.beyond.board.common.AopLogService-Aop start
15:27 c.beyond.board.common.AopLogService-Method 명 : authorList
15:27 c.beyond.board.common.AopLogService-HTTP 메서드GET
15:27 c.beyond.board.common.AopLogService-Aop end
15:27 c.beyond.board.common.AopLogService-Aop start
15:27 c.beyond.board.common.AopLogService-Method 명 : authorDetailList
15:27 c.beyond.board.common.AopLogService-HTTP 메서드GET
15:27 c.beyond.board.common.AopLogService-Aop end
15:27 c.beyond.board.common.AopLogService-Aop start
15:27 c.beyond.board.common.AopLogService-Method 명 : authorCreateScreen
15:27 c.beyond.board.common.AopLogService-HTTP 메서드GET
15:27 c.beyond.board.common.AopLogService-Aop end
15:27 c.beyond.board.common.AopLogService-Aop start
15:27 c.beyond.board.common.AopLogService-Method 명 : postList
15:27 c.beyond.board.common.AopLogService-HTTP 메서드GET
15:27 c.beyond.board.common.AopLogService-Aop end
15:27 c.beyond.board.common.AopLogService-Aop start
15:27 c.beyond.board.common.AopLogService-Method 명 : postCreateGet
15:27 c.beyond.board.common.AopLogService-HTTP 메서드GET
15:27 c.beyond.board.common.AopLogService-Aop end
15:27 c.beyond.board.common.AopLogService-Aop start
15:27 c.beyond.board.common.AopLogService-Method 명 : authorList
15:27 c.beyond.board.common.AopLogService-HTTP 메서드GET
15:27 c.beyond.board.common.AopLogService-Aop end
15:27 c.beyond.board.common.AopLogService-Aop start
15:27 c.beyond.board.common.AopLogService-Method 명 : home
15:27 c.beyond.board.common.AopLogService-HTTP 메서드GET
15:27 c.beyond.board.common.AopLogService-Aop end
15:27 c.beyond.board.common.AopLogService-Aop start
15:27 c.beyond.board.common.AopLogService-Method 명 : postList
15:27 c.beyond.board.common.AopLogService-HTTP 메서드GET
15:27 c.beyond.board.common.AopLogService-Aop end
15:28 c.beyond.board.common.AopLogService-Aop start
15:28 c.beyond.board.common.AopLogService-Method 명 : postList
15:28 c.beyond.board.common.AopLogService-HTTP 메서드GET
15:28 c.beyond.board.common.AopLogService-Aop end
15:28 c.beyond.board.common.AopLogService-Aop start
15:28 c.beyond.board.common.AopLogService-Method 명 : authorCreateScreen
15:28 c.beyond.board.common.AopLogService-HTTP 메서드GET
15:28 c.beyond.board.common.AopLogService-Aop end
15:28 c.beyond.board.common.AopLogService-Aop start
15:28 c.beyond.board.common.AopLogService-Method 명 : home
15:28 c.beyond.board.common.AopLogService-HTTP 메서드GET
15:28 c.beyond.board.common.AopLogService-Aop end
15:28 c.beyond.board.common.AopLogService-Aop start
15:28 c.beyond.board.common.AopLogService-Method 명 : postList
15:28 c.beyond.board.common.AopLogService-HTTP 메서드GET
15:28 c.beyond.board.common.AopLogService-Aop end
15:28 c.beyond.board.common.AopLogService-Aop start
15:28 c.beyond.board.common.AopLogService-Method 명 : home
15:28 c.beyond.board.common.AopLogService-HTTP 메서드GET
15:28 c.beyond.board.common.AopLogService-Aop end
15:28 c.beyond.board.common.AopLogService-Aop start
15:28 c.beyond.board.common.AopLogService-Method 명 : postList
15:28 c.beyond.board.common.AopLogService-HTTP 메서드GET
15:28 c.beyond.board.common.AopLogService-Aop end
15:34 o.s.o.j.LocalContainerEntityManagerFactoryBean-Closing JPA EntityManagerFactory for persistence unit 'default'
15:34 com.zaxxer.hikari.HikariDataSource-HikariPool-1 - Shutdown initiated...
15:34 com.zaxxer.hikari.HikariDataSource-HikariPool-1 - Shutdown completed.
15:34 com.beyond.board.BoardApplication-Starting BoardApplication using Java 11.0.22 on LAPTOP-C67PUDO7 with PID 11208 (C:\Users\Playdata\Desktop\미니프로젝트\board\out\production\classes started by Playdata in C:\Users\Playdata\Desktop\미니프로젝트\board)
15:34 com.beyond.board.BoardApplication-The following 1 profile is active: "dev"
15:34 o.s.d.r.c.RepositoryConfigurationDelegate-Bootstrapping Spring Data JPA repositories in DEFAULT mode.
15:34 o.s.d.r.c.RepositoryConfigurationDelegate-Finished Spring Data repository scanning in 78 ms. Found 2 JPA repository interfaces.
15:34 o.s.b.w.e.tomcat.TomcatWebServer-Tomcat initialized with port(s): 8080 (http)
15:34 o.a.coyote.http11.Http11NioProtocol-Initializing ProtocolHandler ["http-nio-8080"]
15:34 o.a.catalina.core.StandardService-Starting service [Tomcat]
15:34 o.a.catalina.core.StandardEngine-Starting Servlet engine: [Apache Tomcat/9.0.74]
15:34 o.a.c.c.C.[Tomcat].[localhost].[/]-Initializing Spring embedded WebApplicationContext
15:34 o.s.b.w.s.c.ServletWebServerApplicationContext-Root WebApplicationContext: initialization completed in 2776 ms
15:34 com.zaxxer.hikari.HikariDataSource-HikariPool-1 - Starting...
15:34 com.zaxxer.hikari.HikariDataSource-HikariPool-1 - Start completed.
15:34 o.h.jpa.internal.util.LogHelper-HHH000204: Processing PersistenceUnitInfo [name: default]
15:34 org.hibernate.Version-HHH000412: Hibernate ORM core version 5.6.15.Final
15:34 o.h.annotations.common.Version-HCANN000001: Hibernate Commons Annotations {5.1.2.Final}
15:34 org.hibernate.dialect.Dialect-HHH000400: Using dialect: org.hibernate.dialect.MariaDBDialect
15:34 o.h.e.t.j.p.i.JtaPlatformInitiator-HHH000490: Using JtaPlatform implementation: [org.hibernate.engine.transaction.jta.platform.internal.NoJtaPlatform]
15:34 o.s.o.j.LocalContainerEntityManagerFactoryBean-Initialized JPA EntityManagerFactory for persistence unit 'default'
15:34 o.s.b.a.o.j.JpaBaseConfiguration$JpaWebConfiguration-spring.jpa.open-in-view is enabled by default. Therefore, database queries may be performed during view rendering. Explicitly configure spring.jpa.open-in-view to disable this warning
15:34 o.s.b.a.batch.JpaBatchConfigurer-JPA does not support custom isolation levels, so locks may not be taken when launching Jobs. To silence this warning, set 'spring.batch.jdbc.isolation-level-for-create' to 'default'.
15:34 o.s.b.c.r.s.JobRepositoryFactoryBean-No database type set, using meta data indicating: MYSQL
15:34 o.s.b.c.l.support.SimpleJobLauncher-No TaskExecutor has been set, defaulting to synchronous executor.
15:34 o.a.coyote.http11.Http11NioProtocol-Starting ProtocolHandler ["http-nio-8080"]
15:34 o.s.b.w.e.tomcat.TomcatWebServer-Tomcat started on port(s): 8080 (http) with context path ''
15:34 com.beyond.board.BoardApplication-Started BoardApplication in 6.311 seconds (JVM running for 6.807)
15:34 o.s.b.a.b.JobLauncherApplicationRunner-Running default command line with: []
15:34 o.a.c.c.C.[Tomcat].[localhost].[/]-Initializing Spring DispatcherServlet 'dispatcherServlet'
15:34 o.s.web.servlet.DispatcherServlet-Initializing Servlet 'dispatcherServlet'
15:34 o.s.web.servlet.DispatcherServlet-Completed initialization in 2 ms
15:34 c.beyond.board.common.AopLogService-Aop start
15:34 c.beyond.board.common.AopLogService-Method 명 : home
15:34 c.beyond.board.common.AopLogService-HTTP 메서드GET
15:34 c.beyond.board.common.AopLogService-Aop end
15:34 c.beyond.board.common.AopLogService-Aop start
15:34 c.beyond.board.common.AopLogService-Method 명 : authorList
15:34 c.beyond.board.common.AopLogService-HTTP 메서드GET
15:34 c.beyond.board.common.AopLogService-Aop end
15:34 c.beyond.board.common.AopLogService-Aop start
15:34 c.beyond.board.common.AopLogService-Method 명 : authorCreateScreen
15:34 c.beyond.board.common.AopLogService-HTTP 메서드GET
15:34 c.beyond.board.common.AopLogService-Aop end
15:34 c.beyond.board.common.AopLogService-Aop start
15:34 c.beyond.board.common.AopLogService-Method 명 : postList
15:34 c.beyond.board.common.AopLogService-HTTP 메서드GET
15:34 c.beyond.board.common.AopLogService-Aop end
15:34 c.beyond.board.common.AopLogService-Aop start
15:34 c.beyond.board.common.AopLogService-Method 명 : authorList
15:34 c.beyond.board.common.AopLogService-HTTP 메서드GET
15:34 c.beyond.board.common.AopLogService-Aop end
15:34 c.beyond.board.common.AopLogService-Aop start
15:34 c.beyond.board.common.AopLogService-Method 명 : postList
15:34 c.beyond.board.common.AopLogService-HTTP 메서드GET
15:34 c.beyond.board.common.AopLogService-Aop end
15:35 c.beyond.board.common.AopLogService-Aop start
15:35 c.beyond.board.common.AopLogService-Method 명 : home
15:35 c.beyond.board.common.AopLogService-HTTP 메서드GET
15:35 c.beyond.board.common.AopLogService-Aop end
15:35 c.beyond.board.common.AopLogService-Aop start
15:35 c.beyond.board.common.AopLogService-Method 명 : postList
15:35 c.beyond.board.common.AopLogService-HTTP 메서드GET
15:35 c.beyond.board.common.AopLogService-Aop end
15:43 o.s.o.j.LocalContainerEntityManagerFactoryBean-Closing JPA EntityManagerFactory for persistence unit 'default'
15:43 com.zaxxer.hikari.HikariDataSource-HikariPool-1 - Shutdown initiated...
15:43 com.zaxxer.hikari.HikariDataSource-HikariPool-1 - Shutdown completed.
15:43 com.beyond.board.BoardApplication-Starting BoardApplication using Java 11.0.22 on LAPTOP-C67PUDO7 with PID 17660 (C:\Users\Playdata\Desktop\미니프로젝트\board\out\production\classes started by Playdata in C:\Users\Playdata\Desktop\미니프로젝트\board)
15:43 com.beyond.board.BoardApplication-The following 1 profile is active: "dev"
15:43 o.s.d.r.c.RepositoryConfigurationDelegate-Bootstrapping Spring Data JPA repositories in DEFAULT mode.
15:43 o.s.d.r.c.RepositoryConfigurationDelegate-Finished Spring Data repository scanning in 84 ms. Found 2 JPA repository interfaces.
15:43 o.s.b.w.e.tomcat.TomcatWebServer-Tomcat initialized with port(s): 8080 (http)
15:43 o.a.coyote.http11.Http11NioProtocol-Initializing ProtocolHandler ["http-nio-8080"]
15:43 o.a.catalina.core.StandardService-Starting service [Tomcat]
15:43 o.a.catalina.core.StandardEngine-Starting Servlet engine: [Apache Tomcat/9.0.74]
15:43 o.a.c.c.C.[Tomcat].[localhost].[/]-Initializing Spring embedded WebApplicationContext
15:43 o.s.b.w.s.c.ServletWebServerApplicationContext-Root WebApplicationContext: initialization completed in 2845 ms
15:43 com.zaxxer.hikari.HikariDataSource-HikariPool-1 - Starting...
15:43 com.zaxxer.hikari.HikariDataSource-HikariPool-1 - Start completed.
15:43 o.h.jpa.internal.util.LogHelper-HHH000204: Processing PersistenceUnitInfo [name: default]
15:43 org.hibernate.Version-HHH000412: Hibernate ORM core version 5.6.15.Final
15:43 o.h.annotations.common.Version-HCANN000001: Hibernate Commons Annotations {5.1.2.Final}
15:43 org.hibernate.dialect.Dialect-HHH000400: Using dialect: org.hibernate.dialect.MariaDBDialect
15:43 o.h.e.t.j.p.i.JtaPlatformInitiator-HHH000490: Using JtaPlatform implementation: [org.hibernate.engine.transaction.jta.platform.internal.NoJtaPlatform]
15:43 o.s.o.j.LocalContainerEntityManagerFactoryBean-Initialized JPA EntityManagerFactory for persistence unit 'default'
15:43 o.s.b.a.o.j.JpaBaseConfiguration$JpaWebConfiguration-spring.jpa.open-in-view is enabled by default. Therefore, database queries may be performed during view rendering. Explicitly configure spring.jpa.open-in-view to disable this warning
15:43 o.s.b.a.batch.JpaBatchConfigurer-JPA does not support custom isolation levels, so locks may not be taken when launching Jobs. To silence this warning, set 'spring.batch.jdbc.isolation-level-for-create' to 'default'.
15:43 o.s.b.c.r.s.JobRepositoryFactoryBean-No database type set, using meta data indicating: MYSQL
15:43 o.s.b.c.l.support.SimpleJobLauncher-No TaskExecutor has been set, defaulting to synchronous executor.
15:43 o.a.coyote.http11.Http11NioProtocol-Starting ProtocolHandler ["http-nio-8080"]
15:43 o.s.b.w.e.tomcat.TomcatWebServer-Tomcat started on port(s): 8080 (http) with context path ''
15:43 com.beyond.board.BoardApplication-Started BoardApplication in 6.262 seconds (JVM running for 6.919)
15:43 o.s.b.a.b.JobLauncherApplicationRunner-Running default command line with: []
15:44 o.s.o.j.LocalContainerEntityManagerFactoryBean-Closing JPA EntityManagerFactory for persistence unit 'default'
15:44 com.zaxxer.hikari.HikariDataSource-HikariPool-1 - Shutdown initiated...
15:44 com.zaxxer.hikari.HikariDataSource-HikariPool-1 - Shutdown completed.
15:44 com.beyond.board.BoardApplication-Starting BoardApplication using Java 11.0.22 on LAPTOP-C67PUDO7 with PID 11888 (C:\Users\Playdata\Desktop\미니프로젝트\board\out\production\classes started by Playdata in C:\Users\Playdata\Desktop\미니프로젝트\board)
15:44 com.beyond.board.BoardApplication-The following 1 profile is active: "dev"
15:44 o.s.d.r.c.RepositoryConfigurationDelegate-Bootstrapping Spring Data JPA repositories in DEFAULT mode.
15:44 o.s.d.r.c.RepositoryConfigurationDelegate-Finished Spring Data repository scanning in 73 ms. Found 2 JPA repository interfaces.
15:44 o.s.b.w.e.tomcat.TomcatWebServer-Tomcat initialized with port(s): 8080 (http)
15:44 o.a.coyote.http11.Http11NioProtocol-Initializing ProtocolHandler ["http-nio-8080"]
15:44 o.a.catalina.core.StandardService-Starting service [Tomcat]
15:44 o.a.catalina.core.StandardEngine-Starting Servlet engine: [Apache Tomcat/9.0.74]
15:44 o.a.c.c.C.[Tomcat].[localhost].[/]-Initializing Spring embedded WebApplicationContext
15:44 o.s.b.w.s.c.ServletWebServerApplicationContext-Root WebApplicationContext: initialization completed in 2779 ms
15:44 com.zaxxer.hikari.HikariDataSource-HikariPool-1 - Starting...
15:44 com.zaxxer.hikari.HikariDataSource-HikariPool-1 - Start completed.
15:44 o.h.jpa.internal.util.LogHelper-HHH000204: Processing PersistenceUnitInfo [name: default]
15:44 org.hibernate.Version-HHH000412: Hibernate ORM core version 5.6.15.Final
15:44 o.h.annotations.common.Version-HCANN000001: Hibernate Commons Annotations {5.1.2.Final}
15:44 org.hibernate.dialect.Dialect-HHH000400: Using dialect: org.hibernate.dialect.MariaDBDialect
15:44 o.h.e.t.j.p.i.JtaPlatformInitiator-HHH000490: Using JtaPlatform implementation: [org.hibernate.engine.transaction.jta.platform.internal.NoJtaPlatform]
15:44 o.s.o.j.LocalContainerEntityManagerFactoryBean-Initialized JPA EntityManagerFactory for persistence unit 'default'
15:44 o.s.b.a.o.j.JpaBaseConfiguration$JpaWebConfiguration-spring.jpa.open-in-view is enabled by default. Therefore, database queries may be performed during view rendering. Explicitly configure spring.jpa.open-in-view to disable this warning
15:44 o.s.b.a.batch.JpaBatchConfigurer-JPA does not support custom isolation levels, so locks may not be taken when launching Jobs. To silence this warning, set 'spring.batch.jdbc.isolation-level-for-create' to 'default'.
15:44 o.s.b.c.r.s.JobRepositoryFactoryBean-No database type set, using meta data indicating: MYSQL
15:44 o.s.b.c.l.support.SimpleJobLauncher-No TaskExecutor has been set, defaulting to synchronous executor.
15:44 o.a.coyote.http11.Http11NioProtocol-Starting ProtocolHandler ["http-nio-8080"]
15:44 o.s.b.w.e.tomcat.TomcatWebServer-Tomcat started on port(s): 8080 (http) with context path ''
15:44 com.beyond.board.BoardApplication-Started BoardApplication in 6.181 seconds (JVM running for 6.802)
15:44 o.s.b.a.b.JobLauncherApplicationRunner-Running default command line with: []
15:44 o.a.c.c.C.[Tomcat].[localhost].[/]-Initializing Spring DispatcherServlet 'dispatcherServlet'
15:44 o.s.web.servlet.DispatcherServlet-Initializing Servlet 'dispatcherServlet'
15:44 o.s.web.servlet.DispatcherServlet-Completed initialization in 2 ms
15:44 c.beyond.board.common.AopLogService-Aop start
15:44 c.beyond.board.common.AopLogService-Method 명 : home
15:44 c.beyond.board.common.AopLogService-HTTP 메서드GET
15:44 c.beyond.board.common.AopLogService-user inputs : org.apache.catalina.util.ParameterMap@211f3c2e
15:44 c.beyond.board.common.AopLogService-user inputs : {}
15:44 c.beyond.board.common.AopLogService-Aop end
15:45 c.beyond.board.common.AopLogService-Aop start
15:45 c.beyond.board.common.AopLogService-Method 명 : home
15:45 c.beyond.board.common.AopLogService-HTTP 메서드GET
15:45 c.beyond.board.common.AopLogService-user inputs : org.apache.catalina.util.ParameterMap@211f3c2e
15:45 c.beyond.board.common.AopLogService-user inputs : {}
15:45 c.beyond.board.common.AopLogService-Aop end
15:45 c.beyond.board.common.AopLogService-Aop start
15:45 c.beyond.board.common.AopLogService-Method 명 : home
15:45 c.beyond.board.common.AopLogService-HTTP 메서드GET
15:45 c.beyond.board.common.AopLogService-user inputs : org.apache.catalina.util.ParameterMap@211f3c2e
15:45 c.beyond.board.common.AopLogService-user inputs : {}
15:45 c.beyond.board.common.AopLogService-Aop end
15:45 c.beyond.board.common.AopLogService-Aop start
15:45 c.beyond.board.common.AopLogService-Method 명 : home
15:45 c.beyond.board.common.AopLogService-HTTP 메서드GET
15:45 c.beyond.board.common.AopLogService-user inputs : org.apache.catalina.util.ParameterMap@211f3c2e
15:45 c.beyond.board.common.AopLogService-user inputs : {}
15:45 c.beyond.board.common.AopLogService-Aop end
15:45 c.beyond.board.common.AopLogService-Aop start
15:45 c.beyond.board.common.AopLogService-Method 명 : authorCreateScreen
15:45 c.beyond.board.common.AopLogService-HTTP 메서드GET
15:45 c.beyond.board.common.AopLogService-user inputs : org.apache.catalina.util.ParameterMap@211f3c2e
15:45 c.beyond.board.common.AopLogService-user inputs : {}
15:45 c.beyond.board.common.AopLogService-Aop end
15:45 c.beyond.board.common.AopLogService-Aop start
15:45 c.beyond.board.common.AopLogService-Method 명 : authorCreate
15:45 c.beyond.board.common.AopLogService-HTTP 메서드POST
15:45 c.beyond.board.common.AopLogService-user inputs : org.apache.catalina.util.ParameterMap@211f3c2e
15:45 c.beyond.board.common.AopLogService-user inputs : {"name":["hirororong"],"email":["hihihi@naver.com"],"password":["123412341"],"role":["USER"]}
15:45 c.beyond.board.common.AopLogService-Aop end
15:45 c.beyond.board.common.AopLogService-Aop start
15:45 c.beyond.board.common.AopLogService-Method 명 : authorList
15:45 c.beyond.board.common.AopLogService-HTTP 메서드GET
15:45 c.beyond.board.common.AopLogService-user inputs : org.apache.catalina.util.ParameterMap@211f3c2e
15:45 c.beyond.board.common.AopLogService-user inputs : {}
15:45 c.beyond.board.common.AopLogService-Aop end
15:47 o.s.o.j.LocalContainerEntityManagerFactoryBean-Closing JPA EntityManagerFactory for persistence unit 'default'
15:47 com.zaxxer.hikari.HikariDataSource-HikariPool-1 - Shutdown initiated...
15:47 com.zaxxer.hikari.HikariDataSource-HikariPool-1 - Shutdown completed.
17:15 com.beyond.board.BoardApplication-Starting BoardApplication using Java 11.0.22 on LAPTOP-C67PUDO7 with PID 28068 (C:\Users\Playdata\Desktop\미니프로젝트\board\out\production\classes started by Playdata in C:\Users\Playdata\Desktop\미니프로젝트\board)
17:15 com.beyond.board.BoardApplication-The following 1 profile is active: "dev"
17:15 o.s.d.r.c.RepositoryConfigurationDelegate-Bootstrapping Spring Data JPA repositories in DEFAULT mode.
17:15 o.s.d.r.c.RepositoryConfigurationDelegate-Finished Spring Data repository scanning in 73 ms. Found 2 JPA repository interfaces.
17:15 o.s.b.w.e.tomcat.TomcatWebServer-Tomcat initialized with port(s): 8080 (http)
17:15 o.a.coyote.http11.Http11NioProtocol-Initializing ProtocolHandler ["http-nio-8080"]
17:15 o.a.catalina.core.StandardService-Starting service [Tomcat]
17:15 o.a.catalina.core.StandardEngine-Starting Servlet engine: [Apache Tomcat/9.0.74]
17:15 o.a.c.c.C.[Tomcat].[localhost].[/]-Initializing Spring embedded WebApplicationContext
17:15 o.s.b.w.s.c.ServletWebServerApplicationContext-Root WebApplicationContext: initialization completed in 2750 ms
17:15 com.zaxxer.hikari.HikariDataSource-HikariPool-1 - Starting...
17:15 com.zaxxer.hikari.HikariDataSource-HikariPool-1 - Start completed.
17:15 o.h.jpa.internal.util.LogHelper-HHH000204: Processing PersistenceUnitInfo [name: default]
17:15 org.hibernate.Version-HHH000412: Hibernate ORM core version 5.6.15.Final
17:15 o.h.annotations.common.Version-HCANN000001: Hibernate Commons Annotations {5.1.2.Final}
17:15 org.hibernate.dialect.Dialect-HHH000400: Using dialect: org.hibernate.dialect.MariaDBDialect
17:15 o.h.e.t.j.p.i.JtaPlatformInitiator-HHH000490: Using JtaPlatform implementation: [org.hibernate.engine.transaction.jta.platform.internal.NoJtaPlatform]
17:15 o.s.o.j.LocalContainerEntityManagerFactoryBean-Initialized JPA EntityManagerFactory for persistence unit 'default'
17:15 o.s.b.a.o.j.JpaBaseConfiguration$JpaWebConfiguration-spring.jpa.open-in-view is enabled by default. Therefore, database queries may be performed during view rendering. Explicitly configure spring.jpa.open-in-view to disable this warning
17:15 o.s.b.a.batch.JpaBatchConfigurer-JPA does not support custom isolation levels, so locks may not be taken when launching Jobs. To silence this warning, set 'spring.batch.jdbc.isolation-level-for-create' to 'default'.
17:15 o.s.b.c.r.s.JobRepositoryFactoryBean-No database type set, using meta data indicating: MYSQL
17:15 o.s.b.c.l.support.SimpleJobLauncher-No TaskExecutor has been set, defaulting to synchronous executor.
17:15 o.a.coyote.http11.Http11NioProtocol-Starting ProtocolHandler ["http-nio-8080"]
17:15 o.s.b.w.e.tomcat.TomcatWebServer-Tomcat started on port(s): 8080 (http) with context path ''
17:15 com.beyond.board.BoardApplication-Started BoardApplication in 5.794 seconds (JVM running for 6.343)
17:15 o.s.b.a.b.JobLauncherApplicationRunner-Running default command line with: []
17:16 o.a.c.c.C.[Tomcat].[localhost].[/]-Initializing Spring DispatcherServlet 'dispatcherServlet'
17:16 o.s.web.servlet.DispatcherServlet-Initializing Servlet 'dispatcherServlet'
17:16 o.s.web.servlet.DispatcherServlet-Completed initialization in 0 ms
17:17 o.s.o.j.LocalContainerEntityManagerFactoryBean-Closing JPA EntityManagerFactory for persistence unit 'default'
17:17 com.zaxxer.hikari.HikariDataSource-HikariPool-1 - Shutdown initiated...
17:17 com.zaxxer.hikari.HikariDataSource-HikariPool-1 - Shutdown completed.
17:18 com.beyond.board.BoardApplication-Starting BoardApplication using Java 11.0.22 on LAPTOP-C67PUDO7 with PID 27088 (C:\Users\Playdata\Desktop\미니프로젝트\board\out\production\classes started by Playdata in C:\Users\Playdata\Desktop\미니프로젝트\board)
17:18 com.beyond.board.BoardApplication-The following 1 profile is active: "dev"
17:18 o.s.d.r.c.RepositoryConfigurationDelegate-Bootstrapping Spring Data JPA repositories in DEFAULT mode.
17:18 o.s.d.r.c.RepositoryConfigurationDelegate-Finished Spring Data repository scanning in 71 ms. Found 2 JPA repository interfaces.
17:18 o.s.b.w.e.tomcat.TomcatWebServer-Tomcat initialized with port(s): 8080 (http)
17:18 o.a.coyote.http11.Http11NioProtocol-Initializing ProtocolHandler ["http-nio-8080"]
17:18 o.a.catalina.core.StandardService-Starting service [Tomcat]
17:18 o.a.catalina.core.StandardEngine-Starting Servlet engine: [Apache Tomcat/9.0.74]
17:18 o.a.c.c.C.[Tomcat].[localhost].[/]-Initializing Spring embedded WebApplicationContext
17:18 o.s.b.w.s.c.ServletWebServerApplicationContext-Root WebApplicationContext: initialization completed in 2880 ms
17:18 com.zaxxer.hikari.HikariDataSource-HikariPool-1 - Starting...
17:18 com.zaxxer.hikari.HikariDataSource-HikariPool-1 - Start completed.
17:18 o.h.jpa.internal.util.LogHelper-HHH000204: Processing PersistenceUnitInfo [name: default]
17:18 org.hibernate.Version-HHH000412: Hibernate ORM core version 5.6.15.Final
17:18 o.h.annotations.common.Version-HCANN000001: Hibernate Commons Annotations {5.1.2.Final}
17:18 org.hibernate.dialect.Dialect-HHH000400: Using dialect: org.hibernate.dialect.MariaDBDialect
17:18 o.h.e.t.j.p.i.JtaPlatformInitiator-HHH000490: Using JtaPlatform implementation: [org.hibernate.engine.transaction.jta.platform.internal.NoJtaPlatform]
17:18 o.s.o.j.LocalContainerEntityManagerFactoryBean-Initialized JPA EntityManagerFactory for persistence unit 'default'
17:18 o.s.b.a.o.j.JpaBaseConfiguration$JpaWebConfiguration-spring.jpa.open-in-view is enabled by default. Therefore, database queries may be performed during view rendering. Explicitly configure spring.jpa.open-in-view to disable this warning
17:18 o.s.b.a.batch.JpaBatchConfigurer-JPA does not support custom isolation levels, so locks may not be taken when launching Jobs. To silence this warning, set 'spring.batch.jdbc.isolation-level-for-create' to 'default'.
17:18 o.s.b.c.r.s.JobRepositoryFactoryBean-No database type set, using meta data indicating: MYSQL
17:18 o.s.b.c.l.support.SimpleJobLauncher-No TaskExecutor has been set, defaulting to synchronous executor.
17:18 o.s.b.a.s.s.UserDetailsServiceAutoConfiguration-

Using generated security password: 23f2f62e-2171-4942-b847-972722deb35c

This generated password is for development use only. Your security configuration must be updated before running your application in production.

17:18 o.s.s.web.DefaultSecurityFilterChain-Will secure any request with [org.springframework.security.web.session.DisableEncodeUrlFilter@6c68f29c, org.springframework.security.web.context.request.async.WebAsyncManagerIntegrationFilter@3b3b2290, org.springframework.security.web.context.SecurityContextPersistenceFilter@1e5190bd, org.springframework.security.web.header.HeaderWriterFilter@6329a5b9, org.springframework.security.web.csrf.CsrfFilter@2f3d5cd, org.springframework.security.web.authentication.logout.LogoutFilter@62878d7c, org.springframework.security.web.authentication.UsernamePasswordAuthenticationFilter@dc3eda6, org.springframework.security.web.authentication.ui.DefaultLoginPageGeneratingFilter@63a9af28, org.springframework.security.web.authentication.ui.DefaultLogoutPageGeneratingFilter@47d7e4b6, org.springframework.security.web.authentication.www.BasicAuthenticationFilter@34a99d8, org.springframework.security.web.savedrequest.RequestCacheAwareFilter@5add7380, org.springframework.security.web.servletapi.SecurityContextHolderAwareRequestFilter@e638553, org.springframework.security.web.authentication.AnonymousAuthenticationFilter@623ed5ed, org.springframework.security.web.session.SessionManagementFilter@4505015b, org.springframework.security.web.access.ExceptionTranslationFilter@9c40f43, org.springframework.security.web.access.intercept.FilterSecurityInterceptor@4425b6ed]
17:18 o.a.coyote.http11.Http11NioProtocol-Starting ProtocolHandler ["http-nio-8080"]
17:18 o.s.b.w.e.tomcat.TomcatWebServer-Tomcat started on port(s): 8080 (http) with context path ''
17:18 com.beyond.board.BoardApplication-Started BoardApplication in 6.194 seconds (JVM running for 6.699)
17:18 o.s.b.a.b.JobLauncherApplicationRunner-Running default command line with: []
17:18 o.a.c.c.C.[Tomcat].[localhost].[/]-Initializing Spring DispatcherServlet 'dispatcherServlet'
17:18 o.s.web.servlet.DispatcherServlet-Initializing Servlet 'dispatcherServlet'
17:18 o.s.web.servlet.DispatcherServlet-Completed initialization in 0 ms
17:18 o.a.c.util.SessionIdGeneratorBase-Creation of SecureRandom instance for session ID generation using [SHA1PRNG] took [837] milliseconds.
17:19 o.s.o.j.LocalContainerEntityManagerFactoryBean-Closing JPA EntityManagerFactory for persistence unit 'default'
17:19 com.zaxxer.hikari.HikariDataSource-HikariPool-1 - Shutdown initiated...
17:19 com.zaxxer.hikari.HikariDataSource-HikariPool-1 - Shutdown completed.
